<?xml version="1.0" encoding="UTF-8"?>
<testsuite xmlns:xsi="http://www.w3.org/2001/XMLSchema-instance" xsi:noNamespaceSchemaLocation="https://maven.apache.org/surefire/maven-surefire-plugin/xsd/surefire-test-report-3.0.xsd" version="3.0" name="com.simonky.atenciones.repository.PacienteRepositoryTest" time="0.952" tests="2" errors="0" skipped="0" failures="0">
  <properties>
[...]
</properties>
  <testcase name="eliminarPaciente" classname="com.simonky.atenciones.repository.PacienteRepositoryTest" time="0.28">
    <system-out><![CDATA[2024-04-27T13:00:21.270-04:00 DEBUG 22640 --- [atenciones] [           main] b.t.a.o.j.DataJpaTestContextBootstrapper : Neither @ContextConfiguration nor @ContextHierarchy found for test class [PacienteRepositoryTest]: using SpringBootContextLoader
2024-04-27T13:00:21.272-04:00 DEBUG 22640 --- [atenciones] [           main] o.s.t.c.support.AbstractContextLoader    : Could not detect default resource locations for test class [com.simonky.atenciones.repository.PacienteRepositoryTest]: no resource found for suffixes {-context.xml, Context.groovy}.
2024-04-27T13:00:21.272-04:00  INFO 22640 --- [atenciones] [           main] t.c.s.AnnotationConfigContextLoaderUtils : Could not detect default configuration classes for test class [com.simonky.atenciones.repository.PacienteRepositoryTest]: PacienteRepositoryTest does not declare any static, non-private, non-final, nested classes annotated with @Configuration.
2024-04-27T13:00:21.272-04:00 DEBUG 22640 --- [atenciones] [           main] b.t.a.o.j.DataJpaTestContextBootstrapper : Using ContextCustomizerFactory implementations for test class [PacienteRepositoryTest]: [ImportsContextCustomizerFactory, ExcludeFilterContextCustomizerFactory, HttpGraphQlTesterContextCustomizerFactory, DuplicateJsonObjectContextCustomizerFactory, MockitoContextCustomizerFactory, TestRestTemplateContextCustomizerFactory, WebTestClientContextCustomizerFactory, OverrideAutoConfigurationContextCustomizerFactory, ObservabilityContextCustomizerFactory, TypeExcludeFiltersContextCustomizerFactory, PropertyMappingContextCustomizerFactory, WebDriverContextCustomizerFactory, MockServerContainerContextCustomizerFactory, DynamicPropertiesContextCustomizerFactory]
2024-04-27T13:00:21.281-04:00 DEBUG 22640 --- [atenciones] [           main] b.t.a.o.j.DataJpaTestContextBootstrapper : Using ContextCustomizers for test class [PacienteRepositoryTest]: [ImportsContextCustomizer, ExcludeFilterContextCustomizer, DuplicateJsonObjectContextCustomizer, MockitoContextCustomizer, DisableAutoConfigurationContextCustomizer, DisableObservabilityContextCustomizer, TypeExcludeFiltersContextCustomizer, PropertyMappingContextCustomizer, WebDriverContextCustomizer]
2024-04-27T13:00:21.288-04:00 DEBUG 22640 --- [atenciones] [           main] ssPathScanningCandidateComponentProvider : Identified candidate component class: file [C:\Users\simon\OneDrive\Documentos\DuocUC\Prog\S8\atencionesexp1\atenciones\target\classes\com\simonky\atenciones\AtencionesApplication.class]
2024-04-27T13:00:21.288-04:00  INFO 22640 --- [atenciones] [           main] .b.t.c.SpringBootTestContextBootstrapper : Found @SpringBootConfiguration com.simonky.atenciones.AtencionesApplication for test class com.simonky.atenciones.repository.PacienteRepositoryTest
2024-04-27T13:00:21.288-04:00 DEBUG 22640 --- [atenciones] [           main] .s.t.c.u.TestContextSpringFactoriesUtils : Skipping candidate TestExecutionListener [org.springframework.test.context.observation.MicrometerObservationRegistryTestExecutionListener] due to a missing dependency. Specify custom TestExecutionListener classes or make the default TestExecutionListener classes and their required dependencies available. Offending class: io.micrometer.context.ThreadLocalAccessor. MicrometerObservationRegistryTestExecutionListener requires io.micrometer:micrometer-observation:1.10.8 or higher and io.micrometer:context-propagation:1.0.3 or higher.
2024-04-27T13:00:21.288-04:00 DEBUG 22640 --- [atenciones] [           main] b.t.a.o.j.DataJpaTestContextBootstrapper : Using TestExecutionListeners for test class [PacienteRepositoryTest]: [ServletTestExecutionListener, DirtiesContextBeforeModesTestExecutionListener, ApplicationEventsTestExecutionListener, MockitoTestExecutionListener, DependencyInjectionTestExecutionListener, DirtiesContextTestExecutionListener, TransactionalTestExecutionListener, SqlScriptsTestExecutionListener, EventPublishingTestExecutionListener, ResetMocksTestExecutionListener, RestDocsTestExecutionListener, MockRestServiceServerResetTestExecutionListener, MockMvcPrintOnlyOnFailureTestExecutionListener, WebDriverTestExecutionListener, MockWebServiceServerTestExecutionListener]
2024-04-27T13:00:21.288-04:00 DEBUG 22640 --- [atenciones] [           main] sContextBeforeModesTestExecutionListener : Before test class: class [PacienteRepositoryTest], class annotated with @DirtiesContext [false] with mode [null]
2024-04-27T13:00:21.289-04:00 DEBUG 22640 --- [atenciones] [           main] DependencyInjectionTestExecutionListener : Performing dependency injection for test class com.simonky.atenciones.repository.PacienteRepositoryTest
2024-04-27T13:00:21.290-04:00  INFO 22640 --- [atenciones] [           main] o.s.b.d.r.RestartApplicationListener     : Restart disabled due to context in which it is running
2024-04-27T13:00:21.301-04:00 DEBUG 22640 --- [atenciones] [           main] o.s.boot.ApplicationEnvironment          : Activating profiles []
2024-04-27T13:00:21.303-04:00 DEBUG 22640 --- [atenciones] [           main] o.s.c.e.PropertySourcesPropertyResolver  : Found key 'spring.application.name' in PropertySource 'configurationProperties' with value of type String

  .   ____          _            __ _ _
 /\\ / ___'_ __ _ _(_)_ __  __ _ \ \ \ \
( ( )\___ | '_ | '_| | '_ \/ _` | \ \ \ \
 \\/  ___)| |_)| | | | | || (_| |  ) ) ) )
  '  |____| .__|_| |_|_| |_\__, | / / / /
 =========|_|==============|___/=/_/_/_/
 :: Spring Boot ::                (v3.2.3)

2024-04-27T13:00:21.311-04:00  INFO 22640 --- [atenciones] [           main] c.s.a.repository.PacienteRepositoryTest  : Starting PacienteRepositoryTest using Java 21.0.2 with PID 22640 (started by simon in C:\Users\simon\OneDrive\Documentos\DuocUC\Prog\S8\atencionesexp1\atenciones)
2024-04-27T13:00:21.311-04:00  INFO 22640 --- [atenciones] [           main] c.s.a.repository.PacienteRepositoryTest  : No active profile set, falling back to 1 default profile: "default"
2024-04-27T13:00:21.311-04:00 DEBUG 22640 --- [atenciones] [           main] o.s.boot.SpringApplication               : Loading source class com.simonky.atenciones.AtencionesApplication
2024-04-27T13:00:21.312-04:00 DEBUG 22640 --- [atenciones] [           main] s.c.a.AnnotationConfigApplicationContext : Refreshing org.springframework.context.annotation.AnnotationConfigApplicationContext@3d6f549c
2024-04-27T13:00:21.313-04:00 DEBUG 22640 --- [atenciones] [           main] o.s.b.f.s.DefaultListableBeanFactory     : Creating shared instance of singleton bean 'org.springframework.context.annotation.internalConfigurationAnnotationProcessor'
2024-04-27T13:00:21.313-04:00 DEBUG 22640 --- [atenciones] [           main] o.s.b.f.s.DefaultListableBeanFactory     : Creating shared instance of singleton bean 'org.springframework.boot.autoconfigure.internalCachingMetadataReaderFactory'
2024-04-27T13:00:21.372-04:00  INFO 22640 --- [atenciones] [           main] .s.d.r.c.RepositoryConfigurationDelegate : Bootstrapping Spring Data JPA repositories in DEFAULT mode.
2024-04-27T13:00:21.372-04:00 DEBUG 22640 --- [atenciones] [           main] o.s.b.f.s.DefaultListableBeanFactory     : Creating shared instance of singleton bean 'org.springframework.boot.autoconfigure.AutoConfigurationPackages'
2024-04-27T13:00:21.372-04:00 DEBUG 22640 --- [atenciones] [           main] o.s.b.a.AutoConfigurationPackages        : @EnableAutoConfiguration was declared on a class in the package 'com.simonky.atenciones'. Automatic @Repository and @Entity scanning is enabled.
2024-04-27T13:00:21.372-04:00 DEBUG 22640 --- [atenciones] [           main] .s.d.r.c.RepositoryConfigurationDelegate : Scanning for JPA repositories in packages com.simonky.atenciones.
2024-04-27T13:00:21.385-04:00 DEBUG 22640 --- [atenciones] [           main] o.s.d.r.c.RepositoryComponentProvider    : Identified candidate component class: file [C:\Users\simon\OneDrive\Documentos\DuocUC\Prog\S8\atencionesexp1\atenciones\target\classes\com\simonky\atenciones\repository\AtencionRepository.class]
2024-04-27T13:00:21.386-04:00 DEBUG 22640 --- [atenciones] [           main] o.s.d.r.c.RepositoryComponentProvider    : Identified candidate component class: file [C:\Users\simon\OneDrive\Documentos\DuocUC\Prog\S8\atencionesexp1\atenciones\target\classes\com\simonky\atenciones\repository\PacienteRepository.class]
2024-04-27T13:00:21.407-04:00 DEBUG 22640 --- [atenciones] [           main] ssPathScanningCandidateComponentProvider : Identified candidate component class: file [C:\Users\simon\OneDrive\Documentos\DuocUC\Prog\S8\atencionesexp1\atenciones\target\classes\com\simonky\atenciones\service\PacienteServiceImpl.class]
2024-04-27T13:00:21.409-04:00  INFO 22640 --- [atenciones] [           main] .s.d.r.c.RepositoryConfigurationDelegate : Finished Spring Data repository scanning in 35 ms. Found 2 JPA repository interfaces.
2024-04-27T13:00:21.419-04:00 DEBUG 22640 --- [atenciones] [           main] o.s.b.f.s.DefaultListableBeanFactory     : Creating shared instance of singleton bean 'org.springframework.boot.test.context.ImportsContextCustomizer$ImportsCleanupPostProcessor'
2024-04-27T13:00:21.419-04:00 DEBUG 22640 --- [atenciones] [           main] o.s.b.f.s.DefaultListableBeanFactory     : Creating shared instance of singleton bean 'org.springframework.boot.test.mock.mockito.MockitoPostProcessor'
2024-04-27T13:00:21.420-04:00 DEBUG 22640 --- [atenciones] [           main] o.s.b.f.s.DefaultListableBeanFactory     : Creating shared instance of singleton bean 'emBeanDefinitionRegistrarPostProcessor'
2024-04-27T13:00:21.420-04:00 DEBUG 22640 --- [atenciones] [           main] o.s.b.f.s.DefaultListableBeanFactory     : Creating shared instance of singleton bean 'org.springframework.boot.sql.init.dependency.DatabaseInitializationDependencyConfigurer$DependsOnDatabaseInitializationPostProcessor'
2024-04-27T13:00:21.422-04:00 DEBUG 22640 --- [atenciones] [           main] o.s.b.f.s.DefaultListableBeanFactory     : Creating shared instance of singleton bean 'org.springframework.context.event.internalEventListenerProcessor'
2024-04-27T13:00:21.422-04:00 DEBUG 22640 --- [atenciones] [           main] o.s.b.f.s.DefaultListableBeanFactory     : Creating shared instance of singleton bean 'org.springframework.context.event.internalEventListenerFactory'
2024-04-27T13:00:21.422-04:00 DEBUG 22640 --- [atenciones] [           main] o.s.b.f.s.DefaultListableBeanFactory     : Creating shared instance of singleton bean 'org.springframework.transaction.config.internalTransactionalEventListenerFactory'
2024-04-27T13:00:21.423-04:00 DEBUG 22640 --- [atenciones] [           main] o.s.b.f.s.DefaultListableBeanFactory     : Creating shared instance of singleton bean 'org.springframework.context.annotation.internalAutowiredAnnotationProcessor'
2024-04-27T13:00:21.424-04:00 DEBUG 22640 --- [atenciones] [           main] o.s.b.f.s.DefaultListableBeanFactory     : Creating shared instance of singleton bean 'org.springframework.context.annotation.internalCommonAnnotationProcessor'
2024-04-27T13:00:21.424-04:00 DEBUG 22640 --- [atenciones] [           main] o.s.b.f.s.DefaultListableBeanFactory     : Creating shared instance of singleton bean 'org.springframework.context.annotation.internalPersistenceAnnotationProcessor'
2024-04-27T13:00:21.424-04:00 DEBUG 22640 --- [atenciones] [           main] o.s.b.f.s.DefaultListableBeanFactory     : Creating shared instance of singleton bean 'org.springframework.boot.test.mock.mockito.MockitoPostProcessor$SpyPostProcessor'
2024-04-27T13:00:21.424-04:00 DEBUG 22640 --- [atenciones] [           main] o.s.b.f.s.DefaultListableBeanFactory     : Creating shared instance of singleton bean 'jdbcConnectionDetailsHikariBeanPostProcessor'
2024-04-27T13:00:21.424-04:00 DEBUG 22640 --- [atenciones] [           main] o.s.b.f.s.DefaultListableBeanFactory     : Creating shared instance of singleton bean 'org.springframework.boot.context.properties.ConfigurationPropertiesBindingPostProcessor'
2024-04-27T13:00:21.424-04:00 DEBUG 22640 --- [atenciones] [           main] o.s.b.f.s.DefaultListableBeanFactory     : Creating shared instance of singleton bean 'org.springframework.boot.context.internalConfigurationPropertiesBinder'
2024-04-27T13:00:21.425-04:00 DEBUG 22640 --- [atenciones] [           main] o.s.b.f.s.DefaultListableBeanFactory     : Creating shared instance of singleton bean 'org.springframework.aop.config.internalAutoProxyCreator'
2024-04-27T13:00:21.427-04:00 DEBUG 22640 --- [atenciones] [           main] o.s.b.f.s.DefaultListableBeanFactory     : Creating shared instance of singleton bean 'dataSourceScriptDatabaseInitializer'
2024-04-27T13:00:21.427-04:00 DEBUG 22640 --- [atenciones] [           main] o.s.b.f.s.DefaultListableBeanFactory     : Creating shared instance of singleton bean 'org.springframework.boot.autoconfigure.sql.init.DataSourceInitializationConfiguration'
2024-04-27T13:00:21.427-04:00 DEBUG 22640 --- [atenciones] [           main] o.s.b.f.s.DefaultListableBeanFactory     : Creating shared instance of singleton bean 'org.springframework.transaction.config.internalTransactionAdvisor'
2024-04-27T13:00:21.427-04:00 DEBUG 22640 --- [atenciones] [           main] o.s.b.f.s.DefaultListableBeanFactory     : Creating shared instance of singleton bean 'org.springframework.transaction.annotation.ProxyTransactionManagementConfiguration'
2024-04-27T13:00:21.430-04:00 DEBUG 22640 --- [atenciones] [           main] o.s.b.f.s.DefaultListableBeanFactory     : Creating shared instance of singleton bean 'transactionAttributeSource'
2024-04-27T13:00:21.431-04:00 DEBUG 22640 --- [atenciones] [           main] o.s.b.f.s.DefaultListableBeanFactory     : Creating shared instance of singleton bean 'transactionInterceptor'
2024-04-27T13:00:21.431-04:00 DEBUG 22640 --- [atenciones] [           main] o.s.b.f.s.DefaultListableBeanFactory     : Autowiring by type from bean name 'transactionInterceptor' via factory method to bean named 'transactionAttributeSource'
2024-04-27T13:00:21.432-04:00 DEBUG 22640 --- [atenciones] [           main] o.s.b.f.s.DefaultListableBeanFactory     : Autowiring by type from bean name 'org.springframework.transaction.config.internalTransactionAdvisor' via factory method to bean named 'transactionAttributeSource'
2024-04-27T13:00:21.432-04:00 DEBUG 22640 --- [atenciones] [           main] o.s.b.f.s.DefaultListableBeanFactory     : Autowiring by type from bean name 'org.springframework.transaction.config.internalTransactionAdvisor' via factory method to bean named 'transactionInterceptor'
2024-04-27T13:00:21.433-04:00 DEBUG 22640 --- [atenciones] [           main] o.s.b.f.s.DefaultListableBeanFactory     : Creating shared instance of singleton bean 'dataSource'
2024-04-27T13:00:21.433-04:00 DEBUG 22640 --- [atenciones] [           main] o.s.b.f.s.DefaultListableBeanFactory     : Creating shared instance of singleton bean 'org.springframework.boot.autoconfigure.jdbc.DataSourceConfiguration$Hikari'
2024-04-27T13:00:21.434-04:00 DEBUG 22640 --- [atenciones] [           main] o.s.b.f.s.DefaultListableBeanFactory     : Creating shared instance of singleton bean 'spring.datasource-org.springframework.boot.autoconfigure.jdbc.DataSourceProperties'
2024-04-27T13:00:21.434-04:00 DEBUG 22640 --- [atenciones] [           main] o.s.b.f.s.DefaultListableBeanFactory     : Creating shared instance of singleton bean 'org.springframework.boot.context.properties.BoundConfigurationProperties'
2024-04-27T13:00:21.437-04:00 DEBUG 22640 --- [atenciones] [           main] o.s.b.f.s.DefaultListableBeanFactory     : Creating shared instance of singleton bean 'jdbcConnectionDetails'
2024-04-27T13:00:21.437-04:00 DEBUG 22640 --- [atenciones] [           main] o.s.b.f.s.DefaultListableBeanFactory     : Creating shared instance of singleton bean 'org.springframework.boot.autoconfigure.jdbc.DataSourceAutoConfiguration$PooledDataSourceConfiguration'
2024-04-27T13:00:21.437-04:00 DEBUG 22640 --- [atenciones] [           main] o.s.b.f.s.DefaultListableBeanFactory     : Autowiring by type from bean name 'jdbcConnectionDetails' via factory method to bean named 'spring.datasource-org.springframework.boot.autoconfigure.jdbc.DataSourceProperties'
2024-04-27T13:00:21.438-04:00 DEBUG 22640 --- [atenciones] [           main] o.s.b.f.s.DefaultListableBeanFactory     : Autowiring by type from bean name 'dataSource' via factory method to bean named 'spring.datasource-org.springframework.boot.autoconfigure.jdbc.DataSourceProperties'
2024-04-27T13:00:21.438-04:00 DEBUG 22640 --- [atenciones] [           main] o.s.b.f.s.DefaultListableBeanFactory     : Autowiring by type from bean name 'dataSource' via factory method to bean named 'jdbcConnectionDetails'
2024-04-27T13:00:21.443-04:00 DEBUG 22640 --- [atenciones] [           main] o.s.b.f.s.DefaultListableBeanFactory     : Creating shared instance of singleton bean 'spring.sql.init-org.springframework.boot.autoconfigure.sql.init.SqlInitializationProperties'
2024-04-27T13:00:21.444-04:00 DEBUG 22640 --- [atenciones] [           main] o.s.b.f.s.DefaultListableBeanFactory     : Autowiring by type from bean name 'dataSourceScriptDatabaseInitializer' via factory method to bean named 'dataSource'
2024-04-27T13:00:21.444-04:00 DEBUG 22640 --- [atenciones] [           main] o.s.b.f.s.DefaultListableBeanFactory     : Autowiring by type from bean name 'dataSourceScriptDatabaseInitializer' via factory method to bean named 'spring.sql.init-org.springframework.boot.autoconfigure.sql.init.SqlInitializationProperties'
2024-04-27T13:00:21.445-04:00 DEBUG 22640 --- [atenciones] [           main] o.s.b.f.s.DefaultListableBeanFactory     : Creating shared instance of singleton bean 'entityManagerFactory'
2024-04-27T13:00:21.445-04:00 DEBUG 22640 --- [atenciones] [           main] o.s.b.f.s.DefaultListableBeanFactory     : Creating shared instance of singleton bean 'org.springframework.boot.autoconfigure.orm.jpa.HibernateJpaConfiguration'
2024-04-27T13:00:21.446-04:00 DEBUG 22640 --- [atenciones] [           main] o.s.b.f.s.DefaultListableBeanFactory     : Creating shared instance of singleton bean 'spring.jpa-org.springframework.boot.autoconfigure.orm.jpa.JpaProperties'
2024-04-27T13:00:21.447-04:00 DEBUG 22640 --- [atenciones] [           main] o.s.b.f.s.DefaultListableBeanFactory     : Creating shared instance of singleton bean 'spring.jpa.hibernate-org.springframework.boot.autoconfigure.orm.jpa.HibernateProperties'
2024-04-27T13:00:21.448-04:00 DEBUG 22640 --- [atenciones] [           main] o.s.b.f.s.DefaultListableBeanFactory     : Autowiring by type from bean name 'org.springframework.boot.autoconfigure.orm.jpa.HibernateJpaConfiguration' via constructor to bean named 'dataSource'
2024-04-27T13:00:21.448-04:00 DEBUG 22640 --- [atenciones] [           main] o.s.b.f.s.DefaultListableBeanFactory     : Autowiring by type from bean name 'org.springframework.boot.autoconfigure.orm.jpa.HibernateJpaConfiguration' via constructor to bean named 'spring.jpa-org.springframework.boot.autoconfigure.orm.jpa.JpaProperties'
2024-04-27T13:00:21.448-04:00 DEBUG 22640 --- [atenciones] [           main] o.s.b.f.s.DefaultListableBeanFactory     : Autowiring by type from bean name 'org.springframework.boot.autoconfigure.orm.jpa.HibernateJpaConfiguration' via constructor to bean named 'org.springframework.beans.factory.support.DefaultListableBeanFactory@31854086'
2024-04-27T13:00:21.448-04:00 DEBUG 22640 --- [atenciones] [           main] o.s.b.f.s.DefaultListableBeanFactory     : Autowiring by type from bean name 'org.springframework.boot.autoconfigure.orm.jpa.HibernateJpaConfiguration' via constructor to bean named 'spring.jpa.hibernate-org.springframework.boot.autoconfigure.orm.jpa.HibernateProperties'
2024-04-27T13:00:21.448-04:00 DEBUG 22640 --- [atenciones] [           main] o.s.b.f.s.DefaultListableBeanFactory     : Creating shared instance of singleton bean 'hikariPoolDataSourceMetadataProvider'
2024-04-27T13:00:21.448-04:00 DEBUG 22640 --- [atenciones] [           main] o.s.b.f.s.DefaultListableBeanFactory     : Creating shared instance of singleton bean 'org.springframework.boot.autoconfigure.jdbc.metadata.DataSourcePoolMetadataProvidersConfiguration$HikariPoolDataSourceMetadataProviderConfiguration'
2024-04-27T13:00:21.449-04:00 DEBUG 22640 --- [atenciones] [           main] o.s.b.f.s.DefaultListableBeanFactory     : Creating shared instance of singleton bean 'entityManagerFactoryBuilder'
2024-04-27T13:00:21.450-04:00 DEBUG 22640 --- [atenciones] [           main] o.s.b.f.s.DefaultListableBeanFactory     : Creating shared instance of singleton bean 'jpaVendorAdapter'
2024-04-27T13:00:21.451-04:00 DEBUG 22640 --- [atenciones] [           main] o.s.b.f.s.DefaultListableBeanFactory     : Autowiring by type from bean name 'entityManagerFactoryBuilder' via factory method to bean named 'jpaVendorAdapter'
2024-04-27T13:00:21.452-04:00 DEBUG 22640 --- [atenciones] [           main] o.s.b.f.s.DefaultListableBeanFactory     : Creating shared instance of singleton bean 'persistenceManagedTypes'
2024-04-27T13:00:21.452-04:00 DEBUG 22640 --- [atenciones] [           main] o.s.b.f.s.DefaultListableBeanFactory     : Autowiring by type from bean name 'persistenceManagedTypes' via factory method to bean named 'org.springframework.beans.factory.support.DefaultListableBeanFactory@31854086'
2024-04-27T13:00:21.452-04:00 DEBUG 22640 --- [atenciones] [           main] o.s.b.f.s.DefaultListableBeanFactory     : Autowiring by type from bean name 'persistenceManagedTypes' via factory method to bean named 'org.springframework.context.annotation.AnnotationConfigApplicationContext@3d6f549c'
2024-04-27T13:00:21.455-04:00 DEBUG 22640 --- [atenciones] [           main] o.s.b.f.s.DefaultListableBeanFactory     : Autowiring by type from bean name 'entityManagerFactory' via factory method to bean named 'entityManagerFactoryBuilder'
2024-04-27T13:00:21.455-04:00 DEBUG 22640 --- [atenciones] [           main] o.s.b.f.s.DefaultListableBeanFactory     : Autowiring by type from bean name 'entityManagerFactory' via factory method to bean named 'persistenceManagedTypes'
2024-04-27T13:00:21.456-04:00 DEBUG 22640 --- [atenciones] [           main] j.LocalContainerEntityManagerFactoryBean : Building JPA container EntityManagerFactory for persistence unit 'default'
2024-04-27T13:00:21.456-04:00 DEBUG 22640 --- [atenciones] [           main] o.hibernate.jpa.internal.util.LogHelper  : PersistenceUnitInfo [
	name: default
	persistence provider classname: null
	classloader: jdk.internal.loader.ClassLoaders$AppClassLoader@70dea4e
	excludeUnlistedClasses: true
	JTA datasource: null
	Non JTA datasource: HikariDataSource (null)
	Transaction type: RESOURCE_LOCAL
	PU root URL: file:/C:/Users/simon/OneDrive/Documentos/DuocUC/Prog/S8/atencionesexp1/atenciones/target/test-classes/
	Shared Cache Mode: UNSPECIFIED
	Validation Mode: AUTO
	Jar files URLs []
	Managed classes names [
		com.simonky.atenciones.model.Atencion
		com.simonky.atenciones.model.Paciente]
	Mapping files names []
	Properties []
2024-04-27T13:00:21.456-04:00 DEBUG 22640 --- [atenciones] [           main] o.h.i.internal.IntegratorServiceImpl     : Adding Integrator [org.hibernate.boot.beanvalidation.BeanValidationIntegrator].
2024-04-27T13:00:21.456-04:00 DEBUG 22640 --- [atenciones] [           main] o.h.i.internal.IntegratorServiceImpl     : Adding Integrator [org.hibernate.cache.internal.CollectionCacheInvalidator].
2024-04-27T13:00:21.458-04:00 DEBUG 22640 --- [atenciones] [           main] org.hibernate.orm.idgen.factory          : Registering IdentifierGenerator strategy [uuid2] -> [org.hibernate.id.UUIDGenerator]
2024-04-27T13:00:21.458-04:00 DEBUG 22640 --- [atenciones] [           main] org.hibernate.orm.idgen.factory          : Registering IdentifierGenerator strategy [guid] -> [org.hibernate.id.GUIDGenerator]
2024-04-27T13:00:21.458-04:00 DEBUG 22640 --- [atenciones] [           main] org.hibernate.orm.idgen.factory          : Registering IdentifierGenerator strategy [uuid] -> [org.hibernate.id.UUIDHexGenerator]
2024-04-27T13:00:21.458-04:00 DEBUG 22640 --- [atenciones] [           main] org.hibernate.orm.idgen.factory          : Registering IdentifierGenerator strategy [uuid.hex] -> [org.hibernate.id.UUIDHexGenerator]
2024-04-27T13:00:21.458-04:00 DEBUG 22640 --- [atenciones] [           main] org.hibernate.orm.idgen.factory          : Registering IdentifierGenerator strategy [assigned] -> [org.hibernate.id.Assigned]
2024-04-27T13:00:21.458-04:00 DEBUG 22640 --- [atenciones] [           main] org.hibernate.orm.idgen.factory          : Registering IdentifierGenerator strategy [identity] -> [org.hibernate.id.IdentityGenerator]
2024-04-27T13:00:21.458-04:00 DEBUG 22640 --- [atenciones] [           main] org.hibernate.orm.idgen.factory          : Registering IdentifierGenerator strategy [select] -> [org.hibernate.id.SelectGenerator]
2024-04-27T13:00:21.458-04:00 DEBUG 22640 --- [atenciones] [           main] org.hibernate.orm.idgen.factory          : Registering IdentifierGenerator strategy [sequence] -> [org.hibernate.id.enhanced.SequenceStyleGenerator]
2024-04-27T13:00:21.458-04:00 DEBUG 22640 --- [atenciones] [           main] org.hibernate.orm.idgen.factory          : Registering IdentifierGenerator strategy [increment] -> [org.hibernate.id.IncrementGenerator]
2024-04-27T13:00:21.458-04:00 DEBUG 22640 --- [atenciones] [           main] org.hibernate.orm.idgen.factory          : Registering IdentifierGenerator strategy [foreign] -> [org.hibernate.id.ForeignGenerator]
2024-04-27T13:00:21.458-04:00 DEBUG 22640 --- [atenciones] [           main] org.hibernate.orm.idgen.factory          : Registering IdentifierGenerator strategy [enhanced-sequence] -> [org.hibernate.id.enhanced.SequenceStyleGenerator]
2024-04-27T13:00:21.458-04:00 DEBUG 22640 --- [atenciones] [           main] org.hibernate.orm.idgen.factory          : Registering IdentifierGenerator strategy [enhanced-table] -> [org.hibernate.id.enhanced.TableGenerator]
2024-04-27T13:00:21.459-04:00 DEBUG 22640 --- [atenciones] [           main] o.h.c.internal.RegionFactoryInitiator    : Cannot default RegionFactory based on registered strategies as `[]` RegionFactory strategies were registered
2024-04-27T13:00:21.459-04:00  INFO 22640 --- [atenciones] [           main] o.h.c.internal.RegionFactoryInitiator    : HHH000026: Second-level cache disabled
2024-04-27T13:00:21.460-04:00 DEBUG 22640 --- [atenciones] [           main] org.hibernate.type.BasicTypeRegistry     : Adding type registration boolean -> org.hibernate.type.BasicTypeReference@755b5f30
2024-04-27T13:00:21.460-04:00 DEBUG 22640 --- [atenciones] [           main] org.hibernate.type.BasicTypeRegistry     : Adding type registration boolean -> org.hibernate.type.BasicTypeReference@755b5f30
2024-04-27T13:00:21.460-04:00 DEBUG 22640 --- [atenciones] [           main] org.hibernate.type.BasicTypeRegistry     : Adding type registration java.lang.Boolean -> org.hibernate.type.BasicTypeReference@755b5f30
2024-04-27T13:00:21.460-04:00 DEBUG 22640 --- [atenciones] [           main] org.hibernate.type.BasicTypeRegistry     : Adding type registration numeric_boolean -> org.hibernate.type.BasicTypeReference@29bbc63c
2024-04-27T13:00:21.460-04:00 DEBUG 22640 --- [atenciones] [           main] org.hibernate.type.BasicTypeRegistry     : Adding type registration org.hibernate.type.NumericBooleanConverter -> org.hibernate.type.BasicTypeReference@29bbc63c
2024-04-27T13:00:21.460-04:00 DEBUG 22640 --- [atenciones] [           main] org.hibernate.type.BasicTypeRegistry     : Adding type registration true_false -> org.hibernate.type.BasicTypeReference@272778ae
2024-04-27T13:00:21.460-04:00 DEBUG 22640 --- [atenciones] [           main] org.hibernate.type.BasicTypeRegistry     : Adding type registration org.hibernate.type.TrueFalseConverter -> org.hibernate.type.BasicTypeReference@272778ae
2024-04-27T13:00:21.460-04:00 DEBUG 22640 --- [atenciones] [           main] org.hibernate.type.BasicTypeRegistry     : Adding type registration yes_no -> org.hibernate.type.BasicTypeReference@2cccf134
2024-04-27T13:00:21.460-04:00 DEBUG 22640 --- [atenciones] [           main] org.hibernate.type.BasicTypeRegistry     : Adding type registration org.hibernate.type.YesNoConverter -> org.hibernate.type.BasicTypeReference@2cccf134
2024-04-27T13:00:21.460-04:00 DEBUG 22640 --- [atenciones] [           main] org.hibernate.type.BasicTypeRegistry     : Adding type registration byte -> org.hibernate.type.BasicTypeReference@3c18942
2024-04-27T13:00:21.460-04:00 DEBUG 22640 --- [atenciones] [           main] org.hibernate.type.BasicTypeRegistry     : Adding type registration byte -> org.hibernate.type.BasicTypeReference@3c18942
2024-04-27T13:00:21.460-04:00 DEBUG 22640 --- [atenciones] [           main] org.hibernate.type.BasicTypeRegistry     : Adding type registration java.lang.Byte -> org.hibernate.type.BasicTypeReference@3c18942
2024-04-27T13:00:21.460-04:00 DEBUG 22640 --- [atenciones] [           main] org.hibernate.type.BasicTypeRegistry     : Adding type registration binary -> org.hibernate.type.BasicTypeReference@743c3520
2024-04-27T13:00:21.460-04:00 DEBUG 22640 --- [atenciones] [           main] org.hibernate.type.BasicTypeRegistry     : Adding type registration byte[] -> org.hibernate.type.BasicTypeReference@743c3520
2024-04-27T13:00:21.460-04:00 DEBUG 22640 --- [atenciones] [           main] org.hibernate.type.BasicTypeRegistry     : Adding type registration [B -> org.hibernate.type.BasicTypeReference@743c3520
2024-04-27T13:00:21.460-04:00 DEBUG 22640 --- [atenciones] [           main] org.hibernate.type.BasicTypeRegistry     : Adding type registration binary_wrapper -> org.hibernate.type.BasicTypeReference@6842c101
2024-04-27T13:00:21.460-04:00 DEBUG 22640 --- [atenciones] [           main] org.hibernate.type.BasicTypeRegistry     : Adding type registration wrapper-binary -> org.hibernate.type.BasicTypeReference@6842c101
2024-04-27T13:00:21.460-04:00 DEBUG 22640 --- [atenciones] [           main] org.hibernate.type.BasicTypeRegistry     : Adding type registration image -> org.hibernate.type.BasicTypeReference@234cd86c
2024-04-27T13:00:21.460-04:00 DEBUG 22640 --- [atenciones] [           main] org.hibernate.type.BasicTypeRegistry     : Adding type registration blob -> org.hibernate.type.BasicTypeReference@2c48cede
2024-04-27T13:00:21.460-04:00 DEBUG 22640 --- [atenciones] [           main] org.hibernate.type.BasicTypeRegistry     : Adding type registration java.sql.Blob -> org.hibernate.type.BasicTypeReference@2c48cede
2024-04-27T13:00:21.460-04:00 DEBUG 22640 --- [atenciones] [           main] org.hibernate.type.BasicTypeRegistry     : Adding type registration materialized_blob -> org.hibernate.type.BasicTypeReference@39c87b42
2024-04-27T13:00:21.460-04:00 DEBUG 22640 --- [atenciones] [           main] org.hibernate.type.BasicTypeRegistry     : Adding type registration materialized_blob_wrapper -> org.hibernate.type.BasicTypeReference@47fcefb3
2024-04-27T13:00:21.460-04:00 DEBUG 22640 --- [atenciones] [           main] org.hibernate.type.BasicTypeRegistry     : Adding type registration short -> org.hibernate.type.BasicTypeReference@236c098
2024-04-27T13:00:21.460-04:00 DEBUG 22640 --- [atenciones] [           main] org.hibernate.type.BasicTypeRegistry     : Adding type registration short -> org.hibernate.type.BasicTypeReference@236c098
2024-04-27T13:00:21.460-04:00 DEBUG 22640 --- [atenciones] [           main] org.hibernate.type.BasicTypeRegistry     : Adding type registration java.lang.Short -> org.hibernate.type.BasicTypeReference@236c098
2024-04-27T13:00:21.460-04:00 DEBUG 22640 --- [atenciones] [           main] org.hibernate.type.BasicTypeRegistry     : Adding type registration integer -> org.hibernate.type.BasicTypeReference@68e2d03e
2024-04-27T13:00:21.460-04:00 DEBUG 22640 --- [atenciones] [           main] org.hibernate.type.BasicTypeRegistry     : Adding type registration int -> org.hibernate.type.BasicTypeReference@68e2d03e
2024-04-27T13:00:21.461-04:00 DEBUG 22640 --- [atenciones] [           main] org.hibernate.type.BasicTypeRegistry     : Adding type registration java.lang.Integer -> org.hibernate.type.BasicTypeReference@68e2d03e
2024-04-27T13:00:21.461-04:00 DEBUG 22640 --- [atenciones] [           main] org.hibernate.type.BasicTypeRegistry     : Adding type registration long -> org.hibernate.type.BasicTypeReference@120aa40b
2024-04-27T13:00:21.461-04:00 DEBUG 22640 --- [atenciones] [           main] org.hibernate.type.BasicTypeRegistry     : Adding type registration long -> org.hibernate.type.BasicTypeReference@120aa40b
2024-04-27T13:00:21.461-04:00 DEBUG 22640 --- [atenciones] [           main] org.hibernate.type.BasicTypeRegistry     : Adding type registration java.lang.Long -> org.hibernate.type.BasicTypeReference@120aa40b
2024-04-27T13:00:21.461-04:00 DEBUG 22640 --- [atenciones] [           main] org.hibernate.type.BasicTypeRegistry     : Adding type registration float -> org.hibernate.type.BasicTypeReference@32ab408e
2024-04-27T13:00:21.461-04:00 DEBUG 22640 --- [atenciones] [           main] org.hibernate.type.BasicTypeRegistry     : Adding type registration float -> org.hibernate.type.BasicTypeReference@32ab408e
2024-04-27T13:00:21.461-04:00 DEBUG 22640 --- [atenciones] [           main] org.hibernate.type.BasicTypeRegistry     : Adding type registration java.lang.Float -> org.hibernate.type.BasicTypeReference@32ab408e
2024-04-27T13:00:21.461-04:00 DEBUG 22640 --- [atenciones] [           main] org.hibernate.type.BasicTypeRegistry     : Adding type registration double -> org.hibernate.type.BasicTypeReference@6ad6443
2024-04-27T13:00:21.461-04:00 DEBUG 22640 --- [atenciones] [           main] org.hibernate.type.BasicTypeRegistry     : Adding type registration double -> org.hibernate.type.BasicTypeReference@6ad6443
2024-04-27T13:00:21.461-04:00 DEBUG 22640 --- [atenciones] [           main] org.hibernate.type.BasicTypeRegistry     : Adding type registration java.lang.Double -> org.hibernate.type.BasicTypeReference@6ad6443
2024-04-27T13:00:21.461-04:00 DEBUG 22640 --- [atenciones] [           main] org.hibernate.type.BasicTypeRegistry     : Adding type registration big_integer -> org.hibernate.type.BasicTypeReference@78b03788
2024-04-27T13:00:21.461-04:00 DEBUG 22640 --- [atenciones] [           main] org.hibernate.type.BasicTypeRegistry     : Adding type registration java.math.BigInteger -> org.hibernate.type.BasicTypeReference@78b03788
2024-04-27T13:00:21.461-04:00 DEBUG 22640 --- [atenciones] [           main] org.hibernate.type.BasicTypeRegistry     : Adding type registration big_decimal -> org.hibernate.type.BasicTypeReference@3f5dfe69
2024-04-27T13:00:21.461-04:00 DEBUG 22640 --- [atenciones] [           main] org.hibernate.type.BasicTypeRegistry     : Adding type registration java.math.BigDecimal -> org.hibernate.type.BasicTypeReference@3f5dfe69
2024-04-27T13:00:21.461-04:00 DEBUG 22640 --- [atenciones] [           main] org.hibernate.type.BasicTypeRegistry     : Adding type registration character -> org.hibernate.type.BasicTypeReference@571a663c
2024-04-27T13:00:21.461-04:00 DEBUG 22640 --- [atenciones] [           main] org.hibernate.type.BasicTypeRegistry     : Adding type registration char -> org.hibernate.type.BasicTypeReference@571a663c
2024-04-27T13:00:21.461-04:00 DEBUG 22640 --- [atenciones] [           main] org.hibernate.type.BasicTypeRegistry     : Adding type registration java.lang.Character -> org.hibernate.type.BasicTypeReference@571a663c
2024-04-27T13:00:21.461-04:00 DEBUG 22640 --- [atenciones] [           main] org.hibernate.type.BasicTypeRegistry     : Adding type registration character_nchar -> org.hibernate.type.BasicTypeReference@3a788fe0
2024-04-27T13:00:21.461-04:00 DEBUG 22640 --- [atenciones] [           main] org.hibernate.type.BasicTypeRegistry     : Adding type registration string -> org.hibernate.type.BasicTypeReference@430df350
2024-04-27T13:00:21.461-04:00 DEBUG 22640 --- [atenciones] [           main] org.hibernate.type.BasicTypeRegistry     : Adding type registration java.lang.String -> org.hibernate.type.BasicTypeReference@430df350
2024-04-27T13:00:21.461-04:00 DEBUG 22640 --- [atenciones] [           main] org.hibernate.type.BasicTypeRegistry     : Adding type registration nstring -> org.hibernate.type.BasicTypeReference@1373e3ee
2024-04-27T13:00:21.461-04:00 DEBUG 22640 --- [atenciones] [           main] org.hibernate.type.BasicTypeRegistry     : Adding type registration characters -> org.hibernate.type.BasicTypeReference@175c5c3a
2024-04-27T13:00:21.461-04:00 DEBUG 22640 --- [atenciones] [           main] org.hibernate.type.BasicTypeRegistry     : Adding type registration char[] -> org.hibernate.type.BasicTypeReference@175c5c3a
2024-04-27T13:00:21.461-04:00 DEBUG 22640 --- [atenciones] [           main] org.hibernate.type.BasicTypeRegistry     : Adding type registration [C -> org.hibernate.type.BasicTypeReference@175c5c3a
2024-04-27T13:00:21.461-04:00 DEBUG 22640 --- [atenciones] [           main] org.hibernate.type.BasicTypeRegistry     : Adding type registration wrapper-characters -> org.hibernate.type.BasicTypeReference@69a5c6be
2024-04-27T13:00:21.461-04:00 DEBUG 22640 --- [atenciones] [           main] org.hibernate.type.BasicTypeRegistry     : Adding type registration text -> org.hibernate.type.BasicTypeReference@451e2fa9
2024-04-27T13:00:21.461-04:00 DEBUG 22640 --- [atenciones] [           main] org.hibernate.type.BasicTypeRegistry     : Adding type registration ntext -> org.hibernate.type.BasicTypeReference@497ed877
2024-04-27T13:00:21.461-04:00 DEBUG 22640 --- [atenciones] [           main] org.hibernate.type.BasicTypeRegistry     : Adding type registration clob -> org.hibernate.type.BasicTypeReference@3cb6e0ee
2024-04-27T13:00:21.461-04:00 DEBUG 22640 --- [atenciones] [           main] org.hibernate.type.BasicTypeRegistry     : Adding type registration java.sql.Clob -> org.hibernate.type.BasicTypeReference@3cb6e0ee
2024-04-27T13:00:21.461-04:00 DEBUG 22640 --- [atenciones] [           main] org.hibernate.type.BasicTypeRegistry     : Adding type registration nclob -> org.hibernate.type.BasicTypeReference@7b6141f0
2024-04-27T13:00:21.461-04:00 DEBUG 22640 --- [atenciones] [           main] org.hibernate.type.BasicTypeRegistry     : Adding type registration java.sql.NClob -> org.hibernate.type.BasicTypeReference@7b6141f0
2024-04-27T13:00:21.461-04:00 DEBUG 22640 --- [atenciones] [           main] org.hibernate.type.BasicTypeRegistry     : Adding type registration materialized_clob -> org.hibernate.type.BasicTypeReference@4fb64a52
2024-04-27T13:00:21.461-04:00 DEBUG 22640 --- [atenciones] [           main] org.hibernate.type.BasicTypeRegistry     : Adding type registration materialized_clob_char_array -> org.hibernate.type.BasicTypeReference@70b48eb3
2024-04-27T13:00:21.461-04:00 DEBUG 22640 --- [atenciones] [           main] org.hibernate.type.BasicTypeRegistry     : Adding type registration materialized_clob_character_array -> org.hibernate.type.BasicTypeReference@7b8ea1db
2024-04-27T13:00:21.461-04:00 DEBUG 22640 --- [atenciones] [           main] org.hibernate.type.BasicTypeRegistry     : Adding type registration materialized_nclob -> org.hibernate.type.BasicTypeReference@a91119b
2024-04-27T13:00:21.461-04:00 DEBUG 22640 --- [atenciones] [           main] org.hibernate.type.BasicTypeRegistry     : Adding type registration materialized_nclob_character_array -> org.hibernate.type.BasicTypeReference@77083e41
2024-04-27T13:00:21.461-04:00 DEBUG 22640 --- [atenciones] [           main] org.hibernate.type.BasicTypeRegistry     : Adding type registration materialized_nclob_char_array -> org.hibernate.type.BasicTypeReference@231df705
2024-04-27T13:00:21.461-04:00 DEBUG 22640 --- [atenciones] [           main] org.hibernate.type.BasicTypeRegistry     : Adding type registration Duration -> org.hibernate.type.BasicTypeReference@2d130ac4
2024-04-27T13:00:21.461-04:00 DEBUG 22640 --- [atenciones] [           main] org.hibernate.type.BasicTypeRegistry     : Adding type registration java.time.Duration -> org.hibernate.type.BasicTypeReference@2d130ac4
2024-04-27T13:00:21.461-04:00 DEBUG 22640 --- [atenciones] [           main] org.hibernate.type.BasicTypeRegistry     : Adding type registration LocalDateTime -> org.hibernate.type.BasicTypeReference@2f0ccb34
2024-04-27T13:00:21.461-04:00 DEBUG 22640 --- [atenciones] [           main] org.hibernate.type.BasicTypeRegistry     : Adding type registration java.time.LocalDateTime -> org.hibernate.type.BasicTypeReference@2f0ccb34
2024-04-27T13:00:21.461-04:00 DEBUG 22640 --- [atenciones] [           main] org.hibernate.type.BasicTypeRegistry     : Adding type registration LocalDate -> org.hibernate.type.BasicTypeReference@194012a2
2024-04-27T13:00:21.461-04:00 DEBUG 22640 --- [atenciones] [           main] org.hibernate.type.BasicTypeRegistry     : Adding type registration java.time.LocalDate -> org.hibernate.type.BasicTypeReference@194012a2
2024-04-27T13:00:21.461-04:00 DEBUG 22640 --- [atenciones] [           main] org.hibernate.type.BasicTypeRegistry     : Adding type registration LocalTime -> org.hibernate.type.BasicTypeReference@55296b50
2024-04-27T13:00:21.461-04:00 DEBUG 22640 --- [atenciones] [           main] org.hibernate.type.BasicTypeRegistry     : Adding type registration java.time.LocalTime -> org.hibernate.type.BasicTypeReference@55296b50
2024-04-27T13:00:21.461-04:00 DEBUG 22640 --- [atenciones] [           main] org.hibernate.type.BasicTypeRegistry     : Adding type registration OffsetDateTime -> org.hibernate.type.BasicTypeReference@60591e1b
2024-04-27T13:00:21.461-04:00 DEBUG 22640 --- [atenciones] [           main] org.hibernate.type.BasicTypeRegistry     : Adding type registration java.time.OffsetDateTime -> org.hibernate.type.BasicTypeReference@60591e1b
2024-04-27T13:00:21.461-04:00 DEBUG 22640 --- [atenciones] [           main] org.hibernate.type.BasicTypeRegistry     : Adding type registration OffsetDateTimeWithTimezone -> org.hibernate.type.BasicTypeReference@29c53c4f
2024-04-27T13:00:21.461-04:00 DEBUG 22640 --- [atenciones] [           main] org.hibernate.type.BasicTypeRegistry     : Adding type registration OffsetDateTimeWithoutTimezone -> org.hibernate.type.BasicTypeReference@3009eed7
2024-04-27T13:00:21.461-04:00 DEBUG 22640 --- [atenciones] [           main] org.hibernate.type.BasicTypeRegistry     : Adding type registration OffsetTime -> org.hibernate.type.BasicTypeReference@2ee4706d
2024-04-27T13:00:21.461-04:00 DEBUG 22640 --- [atenciones] [           main] org.hibernate.type.BasicTypeRegistry     : Adding type registration java.time.OffsetTime -> org.hibernate.type.BasicTypeReference@2ee4706d
2024-04-27T13:00:21.461-04:00 DEBUG 22640 --- [atenciones] [           main] org.hibernate.type.BasicTypeRegistry     : Adding type registration OffsetTimeUtc -> org.hibernate.type.BasicTypeReference@6650a6c
2024-04-27T13:00:21.461-04:00 DEBUG 22640 --- [atenciones] [           main] org.hibernate.type.BasicTypeRegistry     : Adding type registration OffsetTimeWithTimezone -> org.hibernate.type.BasicTypeReference@64279ab
2024-04-27T13:00:21.461-04:00 DEBUG 22640 --- [atenciones] [           main] org.hibernate.type.BasicTypeRegistry     : Adding type registration OffsetTimeWithoutTimezone -> org.hibernate.type.BasicTypeReference@794240e2
2024-04-27T13:00:21.461-04:00 DEBUG 22640 --- [atenciones] [           main] org.hibernate.type.BasicTypeRegistry     : Adding type registration ZonedDateTime -> org.hibernate.type.BasicTypeReference@74a820bf
2024-04-27T13:00:21.461-04:00 DEBUG 22640 --- [atenciones] [           main] org.hibernate.type.BasicTypeRegistry     : Adding type registration java.time.ZonedDateTime -> org.hibernate.type.BasicTypeReference@74a820bf
2024-04-27T13:00:21.461-04:00 DEBUG 22640 --- [atenciones] [           main] org.hibernate.type.BasicTypeRegistry     : Adding type registration ZonedDateTimeWithTimezone -> org.hibernate.type.BasicTypeReference@5a30722c
2024-04-27T13:00:21.461-04:00 DEBUG 22640 --- [atenciones] [           main] org.hibernate.type.BasicTypeRegistry     : Adding type registration ZonedDateTimeWithoutTimezone -> org.hibernate.type.BasicTypeReference@4f2ac7e0
2024-04-27T13:00:21.461-04:00 DEBUG 22640 --- [atenciones] [           main] org.hibernate.type.BasicTypeRegistry     : Adding type registration date -> org.hibernate.type.BasicTypeReference@2484dbb7
2024-04-27T13:00:21.461-04:00 DEBUG 22640 --- [atenciones] [           main] org.hibernate.type.BasicTypeRegistry     : Adding type registration java.sql.Date -> org.hibernate.type.BasicTypeReference@2484dbb7
2024-04-27T13:00:21.461-04:00 DEBUG 22640 --- [atenciones] [           main] org.hibernate.type.BasicTypeRegistry     : Adding type registration time -> org.hibernate.type.BasicTypeReference@111cba40
2024-04-27T13:00:21.461-04:00 DEBUG 22640 --- [atenciones] [           main] org.hibernate.type.BasicTypeRegistry     : Adding type registration java.sql.Time -> org.hibernate.type.BasicTypeReference@111cba40
2024-04-27T13:00:21.461-04:00 DEBUG 22640 --- [atenciones] [           main] org.hibernate.type.BasicTypeRegistry     : Adding type registration timestamp -> org.hibernate.type.BasicTypeReference@48e41b5d
2024-04-27T13:00:21.461-04:00 DEBUG 22640 --- [atenciones] [           main] org.hibernate.type.BasicTypeRegistry     : Adding type registration java.sql.Timestamp -> org.hibernate.type.BasicTypeReference@48e41b5d
2024-04-27T13:00:21.461-04:00 DEBUG 22640 --- [atenciones] [           main] org.hibernate.type.BasicTypeRegistry     : Adding type registration java.util.Date -> org.hibernate.type.BasicTypeReference@48e41b5d
2024-04-27T13:00:21.461-04:00 DEBUG 22640 --- [atenciones] [           main] org.hibernate.type.BasicTypeRegistry     : Adding type registration calendar -> org.hibernate.type.BasicTypeReference@51e8d066
2024-04-27T13:00:21.461-04:00 DEBUG 22640 --- [atenciones] [           main] org.hibernate.type.BasicTypeRegistry     : Adding type registration java.util.Calendar -> org.hibernate.type.BasicTypeReference@51e8d066
2024-04-27T13:00:21.461-04:00 DEBUG 22640 --- [atenciones] [           main] org.hibernate.type.BasicTypeRegistry     : Adding type registration java.util.GregorianCalendar -> org.hibernate.type.BasicTypeReference@51e8d066
2024-04-27T13:00:21.461-04:00 DEBUG 22640 --- [atenciones] [           main] org.hibernate.type.BasicTypeRegistry     : Adding type registration calendar_date -> org.hibernate.type.BasicTypeReference@5333f08f
2024-04-27T13:00:21.461-04:00 DEBUG 22640 --- [atenciones] [           main] org.hibernate.type.BasicTypeRegistry     : Adding type registration calendar_time -> org.hibernate.type.BasicTypeReference@4f5f474c
2024-04-27T13:00:21.461-04:00 DEBUG 22640 --- [atenciones] [           main] org.hibernate.type.BasicTypeRegistry     : Adding type registration instant -> org.hibernate.type.BasicTypeReference@58a3d521
2024-04-27T13:00:21.461-04:00 DEBUG 22640 --- [atenciones] [           main] org.hibernate.type.BasicTypeRegistry     : Adding type registration java.time.Instant -> org.hibernate.type.BasicTypeReference@58a3d521
2024-04-27T13:00:21.461-04:00 DEBUG 22640 --- [atenciones] [           main] org.hibernate.type.BasicTypeRegistry     : Adding type registration uuid -> org.hibernate.type.BasicTypeReference@14d8e132
2024-04-27T13:00:21.461-04:00 DEBUG 22640 --- [atenciones] [           main] org.hibernate.type.BasicTypeRegistry     : Adding type registration java.util.UUID -> org.hibernate.type.BasicTypeReference@14d8e132
2024-04-27T13:00:21.461-04:00 DEBUG 22640 --- [atenciones] [           main] org.hibernate.type.BasicTypeRegistry     : Adding type registration pg-uuid -> org.hibernate.type.BasicTypeReference@14d8e132
2024-04-27T13:00:21.461-04:00 DEBUG 22640 --- [atenciones] [           main] org.hibernate.type.BasicTypeRegistry     : Adding type registration uuid-binary -> org.hibernate.type.BasicTypeReference@7f4a1cac
2024-04-27T13:00:21.461-04:00 DEBUG 22640 --- [atenciones] [           main] org.hibernate.type.BasicTypeRegistry     : Adding type registration uuid-char -> org.hibernate.type.BasicTypeReference@4a1a412e
2024-04-27T13:00:21.461-04:00 DEBUG 22640 --- [atenciones] [           main] org.hibernate.type.BasicTypeRegistry     : Adding type registration class -> org.hibernate.type.BasicTypeReference@c568f91
2024-04-27T13:00:21.461-04:00 DEBUG 22640 --- [atenciones] [           main] org.hibernate.type.BasicTypeRegistry     : Adding type registration java.lang.Class -> org.hibernate.type.BasicTypeReference@c568f91
2024-04-27T13:00:21.461-04:00 DEBUG 22640 --- [atenciones] [           main] org.hibernate.type.BasicTypeRegistry     : Adding type registration currency -> org.hibernate.type.BasicTypeReference@5fd43e58
2024-04-27T13:00:21.461-04:00 DEBUG 22640 --- [atenciones] [           main] org.hibernate.type.BasicTypeRegistry     : Adding type registration Currency -> org.hibernate.type.BasicTypeReference@5fd43e58
2024-04-27T13:00:21.461-04:00 DEBUG 22640 --- [atenciones] [           main] org.hibernate.type.BasicTypeRegistry     : Adding type registration java.util.Currency -> org.hibernate.type.BasicTypeReference@5fd43e58
2024-04-27T13:00:21.461-04:00 DEBUG 22640 --- [atenciones] [           main] org.hibernate.type.BasicTypeRegistry     : Adding type registration locale -> org.hibernate.type.BasicTypeReference@70d4f672
2024-04-27T13:00:21.461-04:00 DEBUG 22640 --- [atenciones] [           main] org.hibernate.type.BasicTypeRegistry     : Adding type registration java.util.Locale -> org.hibernate.type.BasicTypeReference@70d4f672
2024-04-27T13:00:21.461-04:00 DEBUG 22640 --- [atenciones] [           main] org.hibernate.type.BasicTypeRegistry     : Adding type registration serializable -> org.hibernate.type.BasicTypeReference@68dfda77
2024-04-27T13:00:21.461-04:00 DEBUG 22640 --- [atenciones] [           main] org.hibernate.type.BasicTypeRegistry     : Adding type registration java.io.Serializable -> org.hibernate.type.BasicTypeReference@68dfda77
2024-04-27T13:00:21.461-04:00 DEBUG 22640 --- [atenciones] [           main] org.hibernate.type.BasicTypeRegistry     : Adding type registration timezone -> org.hibernate.type.BasicTypeReference@50cdfafa
2024-04-27T13:00:21.461-04:00 DEBUG 22640 --- [atenciones] [           main] org.hibernate.type.BasicTypeRegistry     : Adding type registration java.util.TimeZone -> org.hibernate.type.BasicTypeReference@50cdfafa
2024-04-27T13:00:21.461-04:00 DEBUG 22640 --- [atenciones] [           main] org.hibernate.type.BasicTypeRegistry     : Adding type registration ZoneOffset -> org.hibernate.type.BasicTypeReference@2e952845
2024-04-27T13:00:21.461-04:00 DEBUG 22640 --- [atenciones] [           main] org.hibernate.type.BasicTypeRegistry     : Adding type registration java.time.ZoneOffset -> org.hibernate.type.BasicTypeReference@2e952845
2024-04-27T13:00:21.461-04:00 DEBUG 22640 --- [atenciones] [           main] org.hibernate.type.BasicTypeRegistry     : Adding type registration url -> org.hibernate.type.BasicTypeReference@79252c83
2024-04-27T13:00:21.461-04:00 DEBUG 22640 --- [atenciones] [           main] org.hibernate.type.BasicTypeRegistry     : Adding type registration java.net.URL -> org.hibernate.type.BasicTypeReference@79252c83
2024-04-27T13:00:21.461-04:00 DEBUG 22640 --- [atenciones] [           main] org.hibernate.type.BasicTypeRegistry     : Adding type registration vector -> org.hibernate.type.BasicTypeReference@6fbf5db2
2024-04-27T13:00:21.461-04:00 DEBUG 22640 --- [atenciones] [           main] org.hibernate.type.BasicTypeRegistry     : Adding type registration row_version -> org.hibernate.type.BasicTypeReference@509a6095
2024-04-27T13:00:21.462-04:00 DEBUG 22640 --- [atenciones] [           main] org.hibernate.type.BasicTypeRegistry     : Adding type registration object -> org.hibernate.type.JavaObjectType@45c80312
2024-04-27T13:00:21.462-04:00 DEBUG 22640 --- [atenciones] [           main] org.hibernate.type.BasicTypeRegistry     : Adding type registration java.lang.Object -> org.hibernate.type.JavaObjectType@45c80312
2024-04-27T13:00:21.462-04:00 DEBUG 22640 --- [atenciones] [           main] org.hibernate.type.BasicTypeRegistry     : Adding type registration null -> org.hibernate.type.NullType@561f9d92
2024-04-27T13:00:21.462-04:00 DEBUG 22640 --- [atenciones] [           main] org.hibernate.type.BasicTypeRegistry     : Adding type registration imm_date -> org.hibernate.type.BasicTypeReference@6fd458ec
2024-04-27T13:00:21.462-04:00 DEBUG 22640 --- [atenciones] [           main] org.hibernate.type.BasicTypeRegistry     : Adding type registration imm_time -> org.hibernate.type.BasicTypeReference@4a501cab
2024-04-27T13:00:21.462-04:00 DEBUG 22640 --- [atenciones] [           main] org.hibernate.type.BasicTypeRegistry     : Adding type registration imm_timestamp -> org.hibernate.type.BasicTypeReference@59217757
2024-04-27T13:00:21.462-04:00 DEBUG 22640 --- [atenciones] [           main] org.hibernate.type.BasicTypeRegistry     : Adding type registration imm_calendar -> org.hibernate.type.BasicTypeReference@639ea347
2024-04-27T13:00:21.462-04:00 DEBUG 22640 --- [atenciones] [           main] org.hibernate.type.BasicTypeRegistry     : Adding type registration imm_calendar_date -> org.hibernate.type.BasicTypeReference@2e4084e0
2024-04-27T13:00:21.462-04:00 DEBUG 22640 --- [atenciones] [           main] org.hibernate.type.BasicTypeRegistry     : Adding type registration imm_calendar_time -> org.hibernate.type.BasicTypeReference@64bf60c7
2024-04-27T13:00:21.462-04:00 DEBUG 22640 --- [atenciones] [           main] org.hibernate.type.BasicTypeRegistry     : Adding type registration imm_binary -> org.hibernate.type.BasicTypeReference@367628c8
2024-04-27T13:00:21.462-04:00 DEBUG 22640 --- [atenciones] [           main] org.hibernate.type.BasicTypeRegistry     : Adding type registration imm_serializable -> org.hibernate.type.BasicTypeReference@206421da
2024-04-27T13:00:21.462-04:00 DEBUG 22640 --- [atenciones] [           main] o.h.boot.internal.BootstrapContextImpl   : Injecting JPA temp ClassLoader [org.springframework.instrument.classloading.SimpleThrowawayClassLoader@150f3678] into BootstrapContext; was [null]
2024-04-27T13:00:21.462-04:00 DEBUG 22640 --- [atenciones] [           main] o.h.boot.internal.ClassLoaderAccessImpl  : ClassLoaderAccessImpl#injectTempClassLoader(org.springframework.instrument.classloading.SimpleThrowawayClassLoader@150f3678) [was null]
2024-04-27T13:00:21.462-04:00 DEBUG 22640 --- [atenciones] [           main] o.h.boot.internal.BootstrapContextImpl   : Injecting ScanEnvironment [org.hibernate.jpa.boot.internal.StandardJpaScanEnvironmentImpl@12387c79] into BootstrapContext; was [null]
2024-04-27T13:00:21.462-04:00 DEBUG 22640 --- [atenciones] [           main] o.h.boot.internal.BootstrapContextImpl   : Injecting ScanOptions [org.hibernate.boot.archive.scan.internal.StandardScanOptions@1353f515] into BootstrapContext; was [org.hibernate.boot.archive.scan.internal.StandardScanOptions@570b2d9b]
2024-04-27T13:00:21.464-04:00  INFO 22640 --- [atenciones] [           main] o.s.o.j.p.SpringPersistenceUnitInfo      : No LoadTimeWeaver setup: ignoring JPA class transformer
2024-04-27T13:00:21.465-04:00 DEBUG 22640 --- [atenciones] [           main] o.h.boot.internal.BootstrapContextImpl   : Injecting JPA temp ClassLoader [null] into BootstrapContext; was [org.springframework.instrument.classloading.SimpleThrowawayClassLoader@150f3678]
2024-04-27T13:00:21.465-04:00 DEBUG 22640 --- [atenciones] [           main] o.h.boot.internal.ClassLoaderAccessImpl  : ClassLoaderAccessImpl#injectTempClassLoader(null) [was org.springframework.instrument.classloading.SimpleThrowawayClassLoader@150f3678]
2024-04-27T13:00:21.466-04:00  INFO 22640 --- [atenciones] [           main] com.zaxxer.hikari.HikariDataSource       : HikariPool-2 - Starting...
2024-04-27T13:00:21.466-04:00  WARN 22640 --- [atenciones] [           main] c.zaxxer.hikari.util.DriverDataSource    : Registered driver with driverClassName=oracle.jdbc.driver.OracleDriver was not found, trying direct instantiation.
2024-04-27T13:00:21.587-04:00  INFO 22640 --- [atenciones] [           main] com.zaxxer.hikari.pool.HikariPool        : HikariPool-2 - Added connection oracle.jdbc.driver.T4CConnection@1de36da2
2024-04-27T13:00:21.588-04:00  INFO 22640 --- [atenciones] [           main] com.zaxxer.hikari.HikariDataSource       : HikariPool-2 - Start completed.
2024-04-27T13:00:21.593-04:00 DEBUG 22640 --- [atenciones] [           main] o.h.e.j.e.i.JdbcEnvironmentInitiator     : Database ->
       name : Oracle
    version : Oracle Database 21c Express Edition Release 21.0.0.0.0 - Production
Version 21.3.0.0.0
      major : 21
      minor : 0
2024-04-27T13:00:21.593-04:00 DEBUG 22640 --- [atenciones] [           main] o.h.e.j.e.i.JdbcEnvironmentInitiator     : Driver ->
       name : Oracle JDBC driver
    version : 21.9.0.0.0
      major : 21
      minor : 9
2024-04-27T13:00:21.593-04:00 DEBUG 22640 --- [atenciones] [           main] o.h.e.j.e.i.JdbcEnvironmentInitiator     : JDBC version : 4.3
2024-04-27T13:00:21.696-04:00  WARN 22640 --- [atenciones] [           main] org.hibernate.orm.deprecation            : HHH90000025: OracleDialect does not need to be specified explicitly using 'hibernate.dialect' (remove the property setting and it will be selected by default)
2024-04-27T13:00:21.696-04:00 DEBUG 22640 --- [atenciones] [           main] org.hibernate.orm.dialect                : HHH035001: Using dialect: org.hibernate.dialect.OracleDialect, version: 21.0
2024-04-27T13:00:21.718-04:00 DEBUG 22640 --- [atenciones] [           main] o.h.t.d.jdbc.spi.JdbcTypeRegistry        : addDescriptor(NCharTypeDescriptor) replaced previous registration(CharTypeDescriptor)
2024-04-27T13:00:21.718-04:00 DEBUG 22640 --- [atenciones] [           main] o.h.t.d.jdbc.spi.JdbcTypeRegistry        : addDescriptor(NVarcharTypeDescriptor) replaced previous registration(VarcharTypeDescriptor)
2024-04-27T13:00:21.718-04:00 DEBUG 22640 --- [atenciones] [           main] o.h.t.d.jdbc.spi.JdbcTypeRegistry        : addDescriptor(LongNVarcharTypeDescriptor) replaced previous registration(LongVarcharTypeDescriptor)
2024-04-27T13:00:21.718-04:00 DEBUG 22640 --- [atenciones] [           main] o.h.t.d.jdbc.spi.JdbcTypeRegistry        : addDescriptor(NClobTypeDescriptor(DEFAULT)) replaced previous registration(ClobTypeDescriptor(DEFAULT))
2024-04-27T13:00:21.718-04:00 DEBUG 22640 --- [atenciones] [           main] o.h.t.d.jdbc.spi.JdbcTypeRegistry        : addDescriptor(2005, ClobTypeDescriptor(STREAM_BINDING)) replaced previous registration(ClobTypeDescriptor(DEFAULT))
2024-04-27T13:00:21.718-04:00 DEBUG 22640 --- [atenciones] [           main] o.h.t.d.jdbc.spi.JdbcTypeRegistry        : addDescriptor(BooleanTypeDescriptor) replaced previous registration(BooleanTypeDescriptor)
2024-04-27T13:00:21.720-04:00 DEBUG 22640 --- [atenciones] [           main] org.hibernate.type.BasicTypeRegistry     : Adding type registration null -> org.hibernate.type.NullType@77889f63
2024-04-27T13:00:21.720-04:00 DEBUG 22640 --- [atenciones] [           main] org.hibernate.type.BasicTypeRegistry     : Type registration key [null] overrode previous entry : `org.hibernate.type.NullType@561f9d92`
2024-04-27T13:00:21.720-04:00 DEBUG 22640 --- [atenciones] [           main] org.hibernate.type.BasicTypeRegistry     : Adding type registration JAVA_OBJECT -> org.hibernate.type.JavaObjectType@7988978a
2024-04-27T13:00:21.720-04:00 DEBUG 22640 --- [atenciones] [           main] org.hibernate.type.BasicTypeRegistry     : Adding type registration java.lang.Object -> org.hibernate.type.JavaObjectType@7988978a
2024-04-27T13:00:21.720-04:00 DEBUG 22640 --- [atenciones] [           main] org.hibernate.type.BasicTypeRegistry     : Type registration key [java.lang.Object] overrode previous entry : `org.hibernate.type.JavaObjectType@45c80312`
2024-04-27T13:00:21.720-04:00 DEBUG 22640 --- [atenciones] [           main] org.hibernate.type.BasicTypeRegistry     : Adding type registration org.hibernate.type.DurationType -> basicType@22(java.time.Duration,3015)
2024-04-27T13:00:21.720-04:00 DEBUG 22640 --- [atenciones] [           main] org.hibernate.type.BasicTypeRegistry     : Adding type registration Duration -> basicType@22(java.time.Duration,3015)
2024-04-27T13:00:21.720-04:00 DEBUG 22640 --- [atenciones] [           main] org.hibernate.type.BasicTypeRegistry     : Adding type registration java.time.Duration -> basicType@22(java.time.Duration,3015)
2024-04-27T13:00:21.720-04:00 DEBUG 22640 --- [atenciones] [           main] o.h.type.spi.TypeConfiguration$Scope     : Scoping TypeConfiguration [org.hibernate.type.spi.TypeConfiguration@201b8a01] to MetadataBuildingContext [org.hibernate.boot.internal.MetadataBuildingContextRootImpl@5d798a2c]
2024-04-27T13:00:21.721-04:00 DEBUG 22640 --- [atenciones] [           main] o.h.boot.model.relational.Namespace      : Created database namespace [logicalName=Name{catalog=null, schema=null}, physicalName=Name{catalog=null, schema=null}]
2024-04-27T13:00:21.721-04:00 DEBUG 22640 --- [atenciones] [           main] o.h.boot.model.internal.EntityBinder     : Binding entity from annotated class: com.simonky.atenciones.model.Atencion
2024-04-27T13:00:21.721-04:00 DEBUG 22640 --- [atenciones] [           main] o.h.boot.model.internal.EntityBinder     : Import with entity name Atencion
2024-04-27T13:00:21.721-04:00 DEBUG 22640 --- [atenciones] [           main] o.h.boot.model.internal.EntityBinder     : Bind entity com.simonky.atenciones.model.Atencion on table atencion
2024-04-27T13:00:21.721-04:00 DEBUG 22640 --- [atenciones] [           main] o.h.boot.model.internal.AnnotatedColumn  : Binding column: AnnotatedDiscriminatorColumn(column='DTYPE')
2024-04-27T13:00:21.723-04:00 DEBUG 22640 --- [atenciones] [           main] o.h.boot.model.internal.AnnotatedColumn  : Binding column: AnnotatedColumn(column='id')
2024-04-27T13:00:21.723-04:00 DEBUG 22640 --- [atenciones] [           main] o.h.boot.internal.ClassLoaderAccessImpl  : Not known whether passed class name [com.simonky.atenciones.model.Atencion] is safe
2024-04-27T13:00:21.723-04:00 DEBUG 22640 --- [atenciones] [           main] o.h.boot.internal.ClassLoaderAccessImpl  : No temp ClassLoader provided; using live ClassLoader for loading potentially unsafe class : com.simonky.atenciones.model.Atencion
2024-04-27T13:00:21.723-04:00 DEBUG 22640 --- [atenciones] [           main] o.h.boot.model.internal.PropertyBinder   : MetadataSourceProcessor property id with lazy=false
2024-04-27T13:00:21.723-04:00 DEBUG 22640 --- [atenciones] [           main] o.h.b.m.internal.AbstractPropertyHolder  : Attempting to locate auto-apply AttributeConverter for property [com.simonky.atenciones.model.Atencion:id]
2024-04-27T13:00:21.723-04:00 DEBUG 22640 --- [atenciones] [           main] o.h.b.model.internal.BasicValueBinder    : building BasicValue for id
2024-04-27T13:00:21.724-04:00 DEBUG 22640 --- [atenciones] [           main] org.hibernate.mapping.BasicValue         : Skipping column re-registration: atencion.id
2024-04-27T13:00:21.724-04:00 DEBUG 22640 --- [atenciones] [           main] o.h.boot.model.internal.PropertyBinder   : Building property id
2024-04-27T13:00:21.724-04:00 DEBUG 22640 --- [atenciones] [           main] o.h.boot.model.internal.BinderHelper     : #makeIdGenerator(BasicValue([Column(id)]), id, identity, , ...)
2024-04-27T13:00:21.725-04:00 DEBUG 22640 --- [atenciones] [           main] o.h.boot.model.internal.AnnotatedColumn  : Binding column: AnnotatedColumn(column='fechaAtencion')
2024-04-27T13:00:21.725-04:00 DEBUG 22640 --- [atenciones] [           main] o.h.boot.model.internal.PropertyBinder   : MetadataSourceProcessor property fechaAtencion with lazy=false
2024-04-27T13:00:21.725-04:00 DEBUG 22640 --- [atenciones] [           main] o.h.b.m.internal.AbstractPropertyHolder  : Attempting to locate auto-apply AttributeConverter for property [com.simonky.atenciones.model.Atencion:fechaAtencion]
2024-04-27T13:00:21.725-04:00 DEBUG 22640 --- [atenciones] [           main] o.h.b.model.internal.BasicValueBinder    : building BasicValue for fechaAtencion
2024-04-27T13:00:21.725-04:00 DEBUG 22640 --- [atenciones] [           main] org.hibernate.mapping.BasicValue         : Skipping column re-registration: atencion.fecha_atencion
2024-04-27T13:00:21.725-04:00 DEBUG 22640 --- [atenciones] [           main] o.h.boot.model.internal.PropertyBinder   : Building property fechaAtencion
2024-04-27T13:00:21.725-04:00 DEBUG 22640 --- [atenciones] [           main] o.h.boot.model.internal.AnnotatedColumn  : Binding column: AnnotatedColumn(column='observacion')
2024-04-27T13:00:21.725-04:00 DEBUG 22640 --- [atenciones] [           main] o.h.boot.model.internal.PropertyBinder   : MetadataSourceProcessor property observacion with lazy=false
2024-04-27T13:00:21.725-04:00 DEBUG 22640 --- [atenciones] [           main] o.h.b.m.internal.AbstractPropertyHolder  : Attempting to locate auto-apply AttributeConverter for property [com.simonky.atenciones.model.Atencion:observacion]
2024-04-27T13:00:21.725-04:00 DEBUG 22640 --- [atenciones] [           main] o.h.b.model.internal.BasicValueBinder    : building BasicValue for observacion
2024-04-27T13:00:21.725-04:00 DEBUG 22640 --- [atenciones] [           main] org.hibernate.mapping.BasicValue         : Skipping column re-registration: atencion.observacion
2024-04-27T13:00:21.725-04:00 DEBUG 22640 --- [atenciones] [           main] o.h.boot.model.internal.PropertyBinder   : Building property observacion
2024-04-27T13:00:21.726-04:00 DEBUG 22640 --- [atenciones] [           main] o.h.boot.model.internal.AnnotatedColumn  : Binding column: AnnotatedJoinColumn()
2024-04-27T13:00:21.726-04:00 DEBUG 22640 --- [atenciones] [           main] o.h.boot.model.internal.AnnotatedColumn  : Binding column: AnnotatedColumn()
2024-04-27T13:00:21.726-04:00 DEBUG 22640 --- [atenciones] [           main] o.h.boot.model.internal.PropertyBinder   : Building property paciente
2024-04-27T13:00:21.727-04:00 DEBUG 22640 --- [atenciones] [           main] o.h.boot.model.internal.AnnotatedColumn  : Binding column: AnnotatedColumn(column='valor')
2024-04-27T13:00:21.727-04:00 DEBUG 22640 --- [atenciones] [           main] o.h.boot.model.internal.PropertyBinder   : MetadataSourceProcessor property valor with lazy=false
2024-04-27T13:00:21.727-04:00 DEBUG 22640 --- [atenciones] [           main] o.h.b.m.internal.AbstractPropertyHolder  : Attempting to locate auto-apply AttributeConverter for property [com.simonky.atenciones.model.Atencion:valor]
2024-04-27T13:00:21.727-04:00 DEBUG 22640 --- [atenciones] [           main] o.h.b.model.internal.BasicValueBinder    : building BasicValue for valor
2024-04-27T13:00:21.727-04:00 DEBUG 22640 --- [atenciones] [           main] org.hibernate.mapping.BasicValue         : Skipping column re-registration: atencion.valor
2024-04-27T13:00:21.727-04:00 DEBUG 22640 --- [atenciones] [           main] o.h.boot.model.internal.PropertyBinder   : Building property valor
2024-04-27T13:00:21.728-04:00 DEBUG 22640 --- [atenciones] [           main] o.h.b.r.c.i.ClassLoaderServiceImpl       : HHH000194: Package not found or wo package-info.java: com.simonky.atenciones.model
2024-04-27T13:00:21.728-04:00 DEBUG 22640 --- [atenciones] [           main] o.h.boot.model.internal.EntityBinder     : Binding entity from annotated class: com.simonky.atenciones.model.Paciente
2024-04-27T13:00:21.729-04:00 DEBUG 22640 --- [atenciones] [           main] o.h.boot.model.internal.EntityBinder     : Import with entity name Paciente
2024-04-27T13:00:21.729-04:00 DEBUG 22640 --- [atenciones] [           main] o.h.boot.model.internal.EntityBinder     : Bind entity com.simonky.atenciones.model.Paciente on table paciente
2024-04-27T13:00:21.729-04:00 DEBUG 22640 --- [atenciones] [           main] o.h.boot.model.internal.AnnotatedColumn  : Binding column: AnnotatedDiscriminatorColumn(column='DTYPE')
2024-04-27T13:00:21.730-04:00 DEBUG 22640 --- [atenciones] [           main] o.h.boot.model.internal.AnnotatedColumn  : Binding column: AnnotatedColumn(column='id')
2024-04-27T13:00:21.730-04:00 DEBUG 22640 --- [atenciones] [           main] o.h.boot.internal.ClassLoaderAccessImpl  : Not known whether passed class name [com.simonky.atenciones.model.Paciente] is safe
2024-04-27T13:00:21.730-04:00 DEBUG 22640 --- [atenciones] [           main] o.h.boot.internal.ClassLoaderAccessImpl  : No temp ClassLoader provided; using live ClassLoader for loading potentially unsafe class : com.simonky.atenciones.model.Paciente
2024-04-27T13:00:21.730-04:00 DEBUG 22640 --- [atenciones] [           main] o.h.boot.model.internal.PropertyBinder   : MetadataSourceProcessor property id with lazy=false
2024-04-27T13:00:21.730-04:00 DEBUG 22640 --- [atenciones] [           main] o.h.b.m.internal.AbstractPropertyHolder  : Attempting to locate auto-apply AttributeConverter for property [com.simonky.atenciones.model.Paciente:id]
2024-04-27T13:00:21.730-04:00 DEBUG 22640 --- [atenciones] [           main] o.h.b.model.internal.BasicValueBinder    : building BasicValue for id
2024-04-27T13:00:21.730-04:00 DEBUG 22640 --- [atenciones] [           main] org.hibernate.mapping.BasicValue         : Skipping column re-registration: paciente.id
2024-04-27T13:00:21.730-04:00 DEBUG 22640 --- [atenciones] [           main] o.h.boot.model.internal.PropertyBinder   : Building property id
2024-04-27T13:00:21.730-04:00 DEBUG 22640 --- [atenciones] [           main] o.h.boot.model.internal.BinderHelper     : #makeIdGenerator(BasicValue([Column(id)]), id, identity, , ...)
2024-04-27T13:00:21.731-04:00 DEBUG 22640 --- [atenciones] [           main] o.h.boot.model.internal.AnnotatedColumn  : Binding column: AnnotatedColumn(column='email')
2024-04-27T13:00:21.731-04:00 DEBUG 22640 --- [atenciones] [           main] o.h.boot.model.internal.PropertyBinder   : MetadataSourceProcessor property email with lazy=false
2024-04-27T13:00:21.731-04:00 DEBUG 22640 --- [atenciones] [           main] o.h.b.m.internal.AbstractPropertyHolder  : Attempting to locate auto-apply AttributeConverter for property [com.simonky.atenciones.model.Paciente:email]
2024-04-27T13:00:21.731-04:00 DEBUG 22640 --- [atenciones] [           main] o.h.b.model.internal.BasicValueBinder    : building BasicValue for email
2024-04-27T13:00:21.731-04:00 DEBUG 22640 --- [atenciones] [           main] org.hibernate.mapping.BasicValue         : Skipping column re-registration: paciente.email
2024-04-27T13:00:21.731-04:00 DEBUG 22640 --- [atenciones] [           main] o.h.boot.model.internal.PropertyBinder   : Building property email
2024-04-27T13:00:21.731-04:00 DEBUG 22640 --- [atenciones] [           main] o.h.boot.model.internal.AnnotatedColumn  : Binding column: AnnotatedColumn(column='fono')
2024-04-27T13:00:21.731-04:00 DEBUG 22640 --- [atenciones] [           main] o.h.boot.model.internal.PropertyBinder   : MetadataSourceProcessor property fono with lazy=false
2024-04-27T13:00:21.731-04:00 DEBUG 22640 --- [atenciones] [           main] o.h.b.m.internal.AbstractPropertyHolder  : Attempting to locate auto-apply AttributeConverter for property [com.simonky.atenciones.model.Paciente:fono]
2024-04-27T13:00:21.731-04:00 DEBUG 22640 --- [atenciones] [           main] o.h.b.model.internal.BasicValueBinder    : building BasicValue for fono
2024-04-27T13:00:21.731-04:00 DEBUG 22640 --- [atenciones] [           main] org.hibernate.mapping.BasicValue         : Skipping column re-registration: paciente.fono
2024-04-27T13:00:21.731-04:00 DEBUG 22640 --- [atenciones] [           main] o.h.boot.model.internal.PropertyBinder   : Building property fono
2024-04-27T13:00:21.732-04:00 DEBUG 22640 --- [atenciones] [           main] o.h.boot.model.internal.AnnotatedColumn  : Binding column: AnnotatedColumn(column='nombre')
2024-04-27T13:00:21.732-04:00 DEBUG 22640 --- [atenciones] [           main] o.h.boot.model.internal.PropertyBinder   : MetadataSourceProcessor property nombre with lazy=false
2024-04-27T13:00:21.732-04:00 DEBUG 22640 --- [atenciones] [           main] o.h.b.m.internal.AbstractPropertyHolder  : Attempting to locate auto-apply AttributeConverter for property [com.simonky.atenciones.model.Paciente:nombre]
2024-04-27T13:00:21.732-04:00 DEBUG 22640 --- [atenciones] [           main] o.h.b.model.internal.BasicValueBinder    : building BasicValue for nombre
2024-04-27T13:00:21.732-04:00 DEBUG 22640 --- [atenciones] [           main] org.hibernate.mapping.BasicValue         : Skipping column re-registration: paciente.nombre
2024-04-27T13:00:21.732-04:00 DEBUG 22640 --- [atenciones] [           main] o.h.boot.model.internal.PropertyBinder   : Building property nombre
2024-04-27T13:00:21.733-04:00 DEBUG 22640 --- [atenciones] [           main] o.h.b.r.c.i.ClassLoaderServiceImpl       : HHH000194: Package not found or wo package-info.java: com.simonky.atenciones.model
2024-04-27T13:00:21.734-04:00 DEBUG 22640 --- [atenciones] [           main] o.h.b.model.internal.BasicValueBinder    : Starting `BasicValueBinder#fillSimpleValue` for id
2024-04-27T13:00:21.734-04:00 DEBUG 22640 --- [atenciones] [           main] o.h.b.model.internal.BasicValueBinder    : Starting `BasicValueBinder#fillSimpleValue` for fechaAtencion
2024-04-27T13:00:21.734-04:00 DEBUG 22640 --- [atenciones] [           main] o.h.b.model.internal.BasicValueBinder    : Starting `BasicValueBinder#fillSimpleValue` for observacion
2024-04-27T13:00:21.734-04:00 DEBUG 22640 --- [atenciones] [           main] o.h.b.model.internal.BasicValueBinder    : Starting `BasicValueBinder#fillSimpleValue` for valor
2024-04-27T13:00:21.734-04:00 DEBUG 22640 --- [atenciones] [           main] o.h.b.model.internal.BasicValueBinder    : Starting `BasicValueBinder#fillSimpleValue` for id
2024-04-27T13:00:21.734-04:00 DEBUG 22640 --- [atenciones] [           main] o.h.b.model.internal.BasicValueBinder    : Starting `BasicValueBinder#fillSimpleValue` for email
2024-04-27T13:00:21.734-04:00 DEBUG 22640 --- [atenciones] [           main] o.h.b.model.internal.BasicValueBinder    : Starting `BasicValueBinder#fillSimpleValue` for fono
2024-04-27T13:00:21.734-04:00 DEBUG 22640 --- [atenciones] [           main] o.h.b.model.internal.BasicValueBinder    : Starting `BasicValueBinder#fillSimpleValue` for nombre
2024-04-27T13:00:21.735-04:00 DEBUG 22640 --- [atenciones] [           main] org.hibernate.mapping.PrimaryKey         : Forcing column [id] to be non-null as it is part of the primary key for table [atencion]
2024-04-27T13:00:21.735-04:00 DEBUG 22640 --- [atenciones] [           main] org.hibernate.mapping.PrimaryKey         : Forcing column [id] to be non-null as it is part of the primary key for table [paciente]
2024-04-27T13:00:21.735-04:00 DEBUG 22640 --- [atenciones] [           main] o.h.b.i.InFlightMetadataCollectorImpl    : Resolving reference to class: com.simonky.atenciones.model.Paciente
2024-04-27T13:00:21.736-04:00 DEBUG 22640 --- [atenciones] [           main] o.h.b.i.InFlightMetadataCollectorImpl    : Resolving reference to class: com.simonky.atenciones.model.Paciente
2024-04-27T13:00:21.740-04:00 DEBUG 22640 --- [atenciones] [           main] o.hibernate.internal.SessionFactoryImpl  : Building session factory
2024-04-27T13:00:21.741-04:00 DEBUG 22640 --- [atenciones] [           main] .h.s.i.SessionFactoryServiceRegistryImpl : EventListenerRegistry access via ServiceRegistry is deprecated.  Use `sessionFactory.getEventEngine().getListenerRegistry()` instead
2024-04-27T13:00:21.741-04:00 DEBUG 22640 --- [atenciones] [           main] o.hibernate.internal.SessionFactoryImpl  : Instantiating SessionFactory with settings: {java.specification.version=21, sun.cpu.isalist=amd64, hibernate.resource.beans.container=org.springframework.orm.hibernate5.SpringBeanContainer@4135b7f9, hibernate.connection.handling_mode=DELAYED_ACQUISITION_AND_HOLD, sun.jnu.encoding=Cp1252, hibernate.dialect=org.hibernate.dialect.OracleDialect, hibernate.implicit_naming_strategy=org.springframework.boot.orm.jpa.hibernate.SpringImplicitNamingStrategy, java.class.path=C:\Users\simon\OneDrive\Documentos\DuocUC\Prog\S8\atencionesexp1\atenciones\target\test-classes;C:\Users\simon\OneDrive\Documentos\DuocUC\Prog\S8\atencionesexp1\atenciones\target\classes;C:\Users\simon\.m2\repository\org\springframework\boot\spring-boot-starter-web\3.2.3\spring-boot-starter-web-3.2.3.jar;C:\Users\simon\.m2\repository\org\springframework\boot\spring-boot-starter\3.2.3\spring-boot-starter-3.2.3.jar;C:\Users\simon\.m2\repository\org\springframework\boot\spring-boot-starter-logging\3.2.3\spring-boot-starter-logging-3.2.3.jar;C:\Users\simon\.m2\repository\ch\qos\logback\logback-classic\1.4.14\logback-classic-1.4.14.jar;C:\Users\simon\.m2\repository\ch\qos\logback\logback-core\1.4.14\logback-core-1.4.14.jar;C:\Users\simon\.m2\repository\org\apache\logging\log4j\log4j-to-slf4j\2.21.1\log4j-to-slf4j-2.21.1.jar;C:\Users\simon\.m2\repository\org\apache\logging\log4j\log4j-api\2.21.1\log4j-api-2.21.1.jar;C:\Users\simon\.m2\repository\org\slf4j\jul-to-slf4j\2.0.12\jul-to-slf4j-2.0.12.jar;C:\Users\simon\.m2\repository\jakarta\annotation\jakarta.annotation-api\2.1.1\jakarta.annotation-api-2.1.1.jar;C:\Users\simon\.m2\repository\org\yaml\snakeyaml\2.2\snakeyaml-2.2.jar;C:\Users\simon\.m2\repository\org\springframework\boot\spring-boot-starter-json\3.2.3\spring-boot-starter-json-3.2.3.jar;C:\Users\simon\.m2\repository\com\fasterxml\jackson\core\jackson-databind\2.15.4\jackson-databind-2.15.4.jar;C:\Users\simon\.m2\repository\com\fasterxml\jackson\core\jackson-annotations\2.15.4\jackson-annotations-2.15.4.jar;C:\Users\simon\.m2\repository\com\fasterxml\jackson\core\jackson-core\2.15.4\jackson-core-2.15.4.jar;C:\Users\simon\.m2\repository\com\fasterxml\jackson\datatype\jackson-datatype-jdk8\2.15.4\jackson-datatype-jdk8-2.15.4.jar;C:\Users\simon\.m2\repository\com\fasterxml\jackson\datatype\jackson-datatype-jsr310\2.15.4\jackson-datatype-jsr310-2.15.4.jar;C:\Users\simon\.m2\repository\com\fasterxml\jackson\module\jackson-module-parameter-names\2.15.4\jackson-module-parameter-names-2.15.4.jar;C:\Users\simon\.m2\repository\org\springframework\boot\spring-boot-starter-tomcat\3.2.3\spring-boot-starter-tomcat-3.2.3.jar;C:\Users\simon\.m2\repository\org\apache\tomcat\embed\tomcat-embed-core\10.1.19\tomcat-embed-core-10.1.19.jar;C:\Users\simon\.m2\repository\org\apache\tomcat\embed\tomcat-embed-websocket\10.1.19\tomcat-embed-websocket-10.1.19.jar;C:\Users\simon\.m2\repository\org\springframework\spring-web\6.1.4\spring-web-6.1.4.jar;C:\Users\simon\.m2\repository\org\springframework\spring-beans\6.1.4\spring-beans-6.1.4.jar;C:\Users\simon\.m2\repository\io\micrometer\micrometer-observation\1.12.3\micrometer-observation-1.12.3.jar;C:\Users\simon\.m2\repository\io\micrometer\micrometer-commons\1.12.3\micrometer-commons-1.12.3.jar;C:\Users\simon\.m2\repository\org\springframework\spring-webmvc\6.1.4\spring-webmvc-6.1.4.jar;C:\Users\simon\.m2\repository\org\springframework\spring-aop\6.1.4\spring-aop-6.1.4.jar;C:\Users\simon\.m2\repository\org\springframework\spring-context\6.1.4\spring-context-6.1.4.jar;C:\Users\simon\.m2\repository\org\springframework\spring-expression\6.1.4\spring-expression-6.1.4.jar;C:\Users\simon\.m2\repository\org\springframework\boot\spring-boot-devtools\3.2.3\spring-boot-devtools-3.2.3.jar;C:\Users\simo
[...]
      Did not match:
         - @ConditionalOnBean (types: org.springframework.transaction.aspectj.AbstractTransactionAspect; SearchStrategy: all) did not find any beans of type org.springframework.transaction.aspectj.AbstractTransactionAspect (OnBeanCondition)

   TransactionAutoConfiguration.EnableTransactionManagementConfiguration.JdkDynamicAutoProxyConfiguration:
      Did not match:
         - @ConditionalOnProperty (spring.aop.proxy-target-class=false) did not find property 'proxy-target-class' (OnPropertyCondition)


Exclusions:
-----------

    None


Unconditional classes:
----------------------

    org.springframework.boot.test.autoconfigure.jdbc.TestDatabaseAutoConfiguration



2024-04-27T13:00:21.926-04:00  INFO 22640 --- [atenciones] [           main] c.s.a.repository.PacienteRepositoryTest  : Started PacienteRepositoryTest in 0.636 seconds (process running for 7.498)
2024-04-27T13:00:21.926-04:00 DEBUG 22640 --- [atenciones] [           main] org.springframework.test.context.cache   : Spring test ApplicationContext cache statistics: [DefaultContextCache@63088bbd size = 3, maxSize = 32, parentContextCount = 0, hitCount = 36, missCount = 3, failureCount = 0]
2024-04-27T13:00:21.927-04:00 DEBUG 22640 --- [atenciones] [           main] org.springframework.test.context.cache   : Spring test ApplicationContext cache statistics: [DefaultContextCache@63088bbd size = 3, maxSize = 32, parentContextCount = 0, hitCount = 37, missCount = 3, failureCount = 0]
2024-04-27T13:00:21.928-04:00 DEBUG 22640 --- [atenciones] [           main] sContextBeforeModesTestExecutionListener : Before test method: class [PacienteRepositoryTest], method [eliminarPaciente], class annotated with @DirtiesContext [false] with mode [null], method annotated with @DirtiesContext [false] with mode [null]
2024-04-27T13:00:21.935-04:00 DEBUG 22640 --- [atenciones] [           main] t.c.t.TransactionalTestExecutionListener : Explicit transaction definition [PROPAGATION_REQUIRED,ISOLATION_DEFAULT] found for test class [com.simonky.atenciones.repository.PacienteRepositoryTest] and test method [eliminarPaciente]
2024-04-27T13:00:21.935-04:00 DEBUG 22640 --- [atenciones] [           main] org.springframework.test.context.cache   : Spring test ApplicationContext cache statistics: [DefaultContextCache@63088bbd size = 3, maxSize = 32, parentContextCount = 0, hitCount = 38, missCount = 3, failureCount = 0]
2024-04-27T13:00:21.937-04:00 DEBUG 22640 --- [atenciones] [           main] t.c.t.TransactionalTestExecutionListener : No method-level @Rollback override: using default rollback [true] for test method [public void com.simonky.atenciones.repository.PacienteRepositoryTest.eliminarPaciente()]
2024-04-27T13:00:21.938-04:00 DEBUG 22640 --- [atenciones] [           main] o.s.orm.jpa.JpaTransactionManager        : Creating new transaction with name [com.simonky.atenciones.repository.PacienteRepositoryTest.eliminarPaciente]: PROPAGATION_REQUIRED,ISOLATION_DEFAULT
2024-04-27T13:00:21.940-04:00 DEBUG 22640 --- [atenciones] [           main] o.s.orm.jpa.JpaTransactionManager        : Opened new EntityManager [SessionImpl(575967643<open>)] for JPA transaction
2024-04-27T13:00:21.946-04:00 DEBUG 22640 --- [atenciones] [           main] o.h.e.t.internal.TransactionImpl         : On TransactionImpl creation, JpaCompliance#isJpaTransactionComplianceEnabled == false
2024-04-27T13:00:21.946-04:00 DEBUG 22640 --- [atenciones] [           main] o.h.e.t.internal.TransactionImpl         : begin
2024-04-27T13:00:21.950-04:00 DEBUG 22640 --- [atenciones] [           main] o.s.orm.jpa.JpaTransactionManager        : Exposing JPA transaction as JDBC [org.springframework.orm.jpa.vendor.HibernateJpaDialect$HibernateConnectionHandle@33a4cdba]
2024-04-27T13:00:21.951-04:00 DEBUG 22640 --- [atenciones] [           main] o.s.t.c.transaction.TransactionContext   : Began transaction (1) for test class [com.simonky.atenciones.repository.PacienteRepositoryTest]; test method [eliminarPaciente]; transaction manager [org.springframework.orm.jpa.JpaTransactionManager@5f19dea8]; rollback [true]
2024-04-27T13:00:21.951-04:00 DEBUG 22640 --- [atenciones] [           main] org.springframework.test.context.cache   : Spring test ApplicationContext cache statistics: [DefaultContextCache@63088bbd size = 3, maxSize = 32, parentContextCount = 0, hitCount = 39, missCount = 3, failureCount = 0]
2024-04-27T13:00:21.951-04:00 DEBUG 22640 --- [atenciones] [           main] org.springframework.test.context.cache   : Spring test ApplicationContext cache statistics: [DefaultContextCache@63088bbd size = 3, maxSize = 32, parentContextCount = 0, hitCount = 40, missCount = 3, failureCount = 0]
2024-04-27T13:00:21.952-04:00 DEBUG 22640 --- [atenciones] [           main] org.springframework.test.context.cache   : Spring test ApplicationContext cache statistics: [DefaultContextCache@63088bbd size = 3, maxSize = 32, parentContextCount = 0, hitCount = 41, missCount = 3, failureCount = 0]
2024-04-27T13:00:21.961-04:00 DEBUG 22640 --- [atenciones] [           main] o.s.orm.jpa.JpaTransactionManager        : Found thread-bound EntityManager [SessionImpl(575967643<open>)] for JPA transaction
2024-04-27T13:00:21.961-04:00 DEBUG 22640 --- [atenciones] [           main] o.s.orm.jpa.JpaTransactionManager        : Participating in existing transaction
2024-04-27T13:00:21.966-04:00 DEBUG 22640 --- [atenciones] [           main] o.h.j.internal.PersistenceUnitUtilImpl   : jakarta.persistence.PersistenceUnitUtil.getIdentifier is only intended to work with enhanced entities (although Hibernate also adapts this support to its proxies); however the passed entity was not enhanced (nor a proxy).. may not be able to read identifier
2024-04-27T13:00:21.991-04:00 DEBUG 22640 --- [atenciones] [           main] org.hibernate.engine.spi.ActionQueue     : Executing identity-insert immediately
2024-04-27T13:00:22.037-04:00 DEBUG 22640 --- [atenciones] [           main] org.hibernate.SQL                        : insert into paciente (email,fono,nombre,id) values (?,?,?,default)
Hibernate: insert into paciente (email,fono,nombre,id) values (?,?,?,default)
2024-04-27T13:00:22.144-04:00 DEBUG 22640 --- [atenciones] [           main] o.h.id.IdentifierGeneratorHelper         : Natively generated identity (com.simonky.atenciones.model.Paciente) : 1
2024-04-27T13:00:22.168-04:00 DEBUG 22640 --- [atenciones] [           main] o.s.orm.jpa.JpaTransactionManager        : Found thread-bound EntityManager [SessionImpl(575967643<open>)] for JPA transaction
2024-04-27T13:00:22.169-04:00 DEBUG 22640 --- [atenciones] [           main] o.s.orm.jpa.JpaTransactionManager        : Participating in existing transaction
2024-04-27T13:00:22.180-04:00 DEBUG 22640 --- [atenciones] [           main] o.h.j.internal.PersistenceUnitUtilImpl   : jakarta.persistence.PersistenceUnitUtil.getIdentifier is only intended to work with enhanced entities (although Hibernate also adapts this support to its proxies); however the passed entity was not enhanced (nor a proxy).. may not be able to read identifier
2024-04-27T13:00:22.180-04:00 DEBUG 22640 --- [atenciones] [           main] o.h.j.internal.PersistenceUnitUtilImpl   : jakarta.persistence.PersistenceUnitUtil.getIdentifier is only intended to work with enhanced entities (although Hibernate also adapts this support to its proxies); however the passed entity was not enhanced (nor a proxy).. may not be able to read identifier
2024-04-27T13:00:22.196-04:00 DEBUG 22640 --- [atenciones] [           main] o.s.orm.jpa.JpaTransactionManager        : Found thread-bound EntityManager [SessionImpl(575967643<open>)] for JPA transaction
2024-04-27T13:00:22.196-04:00 DEBUG 22640 --- [atenciones] [           main] o.s.orm.jpa.JpaTransactionManager        : Participating in existing transaction
2024-04-27T13:00:22.196-04:00 DEBUG 22640 --- [atenciones] [           main] org.hibernate.orm.results.loading        : Load request found matching entity in context, but it is scheduled for removal; returning null
2024-04-27T13:00:22.196-04:00 DEBUG 22640 --- [atenciones] [           main] org.springframework.test.context.cache   : Spring test ApplicationContext cache statistics: [DefaultContextCache@63088bbd size = 3, maxSize = 32, parentContextCount = 0, hitCount = 42, missCount = 3, failureCount = 0]
2024-04-27T13:00:22.196-04:00 DEBUG 22640 --- [atenciones] [           main] org.springframework.test.context.cache   : Spring test ApplicationContext cache statistics: [DefaultContextCache@63088bbd size = 3, maxSize = 32, parentContextCount = 0, hitCount = 43, missCount = 3, failureCount = 0]
2024-04-27T13:00:22.196-04:00 DEBUG 22640 --- [atenciones] [           main] org.springframework.test.context.cache   : Spring test ApplicationContext cache statistics: [DefaultContextCache@63088bbd size = 3, maxSize = 32, parentContextCount = 0, hitCount = 44, missCount = 3, failureCount = 0]
2024-04-27T13:00:22.196-04:00 DEBUG 22640 --- [atenciones] [           main] org.springframework.test.context.cache   : Spring test ApplicationContext cache statistics: [DefaultContextCache@63088bbd size = 3, maxSize = 32, parentContextCount = 0, hitCount = 45, missCount = 3, failureCount = 0]
2024-04-27T13:00:22.196-04:00 DEBUG 22640 --- [atenciones] [           main] org.springframework.test.context.cache   : Spring test ApplicationContext cache statistics: [DefaultContextCache@63088bbd size = 3, maxSize = 32, parentContextCount = 0, hitCount = 46, missCount = 3, failureCount = 0]
2024-04-27T13:00:22.196-04:00 DEBUG 22640 --- [atenciones] [           main] org.springframework.test.context.cache   : Spring test ApplicationContext cache statistics: [DefaultContextCache@63088bbd size = 3, maxSize = 32, parentContextCount = 0, hitCount = 47, missCount = 3, failureCount = 0]
2024-04-27T13:00:22.196-04:00 DEBUG 22640 --- [atenciones] [           main] o.s.orm.jpa.JpaTransactionManager        : Initiating transaction rollback
2024-04-27T13:00:22.196-04:00 DEBUG 22640 --- [atenciones] [           main] o.s.orm.jpa.JpaTransactionManager        : Rolling back JPA transaction on EntityManager [SessionImpl(575967643<open>)]
2024-04-27T13:00:22.196-04:00 DEBUG 22640 --- [atenciones] [           main] o.h.e.t.internal.TransactionImpl         : rolling back
2024-04-27T13:00:22.208-04:00 DEBUG 22640 --- [atenciones] [           main] o.s.orm.jpa.JpaTransactionManager        : Closing JPA EntityManager [SessionImpl(575967643<open>)] after transaction
2024-04-27T13:00:22.208-04:00 DEBUG 22640 --- [atenciones] [           main] o.s.t.c.transaction.TransactionContext   : Rolled back transaction (1) for test class [com.simonky.atenciones.repository.PacienteRepositoryTest]; test method [eliminarPaciente]
2024-04-27T13:00:22.208-04:00 DEBUG 22640 --- [atenciones] [           main] .c.s.DirtiesContextTestExecutionListener : After test method: class [PacienteRepositoryTest], method [eliminarPaciente], class annotated with @DirtiesContext [false] with mode [null], method annotated with @DirtiesContext [false] with mode [null]
]]></system-out>
  </testcase>
  <testcase name="guardarPaciente" classname="com.simonky.atenciones.repository.PacienteRepositoryTest" time="0.01">
    <system-out><![CDATA[2024-04-27T13:00:22.209-04:00 DEBUG 22640 --- [atenciones] [           main] DependencyInjectionTestExecutionListener : Performing dependency injection for test class com.simonky.atenciones.repository.PacienteRepositoryTest
2024-04-27T13:00:22.209-04:00 DEBUG 22640 --- [atenciones] [           main] org.springframework.test.context.cache   : Spring test ApplicationContext cache statistics: [DefaultContextCache@63088bbd size = 3, maxSize = 32, parentContextCount = 0, hitCount = 48, missCount = 3, failureCount = 0]
2024-04-27T13:00:22.209-04:00 DEBUG 22640 --- [atenciones] [           main] org.springframework.test.context.cache   : Spring test ApplicationContext cache statistics: [DefaultContextCache@63088bbd size = 3, maxSize = 32, parentContextCount = 0, hitCount = 49, missCount = 3, failureCount = 0]
2024-04-27T13:00:22.209-04:00 DEBUG 22640 --- [atenciones] [           main] sContextBeforeModesTestExecutionListener : Before test method: class [PacienteRepositoryTest], method [guardarPaciente], class annotated with @DirtiesContext [false] with mode [null], method annotated with @DirtiesContext [false] with mode [null]
2024-04-27T13:00:22.210-04:00 DEBUG 22640 --- [atenciones] [           main] t.c.t.TransactionalTestExecutionListener : Explicit transaction definition [PROPAGATION_REQUIRED,ISOLATION_DEFAULT] found for test class [com.simonky.atenciones.repository.PacienteRepositoryTest] and test method [guardarPaciente]
2024-04-27T13:00:22.210-04:00 DEBUG 22640 --- [atenciones] [           main] org.springframework.test.context.cache   : Spring test ApplicationContext cache statistics: [DefaultContextCache@63088bbd size = 3, maxSize = 32, parentContextCount = 0, hitCount = 50, missCount = 3, failureCount = 0]
2024-04-27T13:00:22.210-04:00 DEBUG 22640 --- [atenciones] [           main] t.c.t.TransactionalTestExecutionListener : No method-level @Rollback override: using default rollback [true] for test method [public void com.simonky.atenciones.repository.PacienteRepositoryTest.guardarPaciente()]
2024-04-27T13:00:22.210-04:00 DEBUG 22640 --- [atenciones] [           main] o.s.orm.jpa.JpaTransactionManager        : Creating new transaction with name [com.simonky.atenciones.repository.PacienteRepositoryTest.guardarPaciente]: PROPAGATION_REQUIRED,ISOLATION_DEFAULT
2024-04-27T13:00:22.210-04:00 DEBUG 22640 --- [atenciones] [           main] o.s.orm.jpa.JpaTransactionManager        : Opened new EntityManager [SessionImpl(143884130<open>)] for JPA transaction
2024-04-27T13:00:22.210-04:00 DEBUG 22640 --- [atenciones] [           main] o.h.e.t.internal.TransactionImpl         : On TransactionImpl creation, JpaCompliance#isJpaTransactionComplianceEnabled == false
2024-04-27T13:00:22.210-04:00 DEBUG 22640 --- [atenciones] [           main] o.h.e.t.internal.TransactionImpl         : begin
2024-04-27T13:00:22.210-04:00 DEBUG 22640 --- [atenciones] [           main] o.s.orm.jpa.JpaTransactionManager        : Exposing JPA transaction as JDBC [org.springframework.orm.jpa.vendor.HibernateJpaDialect$HibernateConnectionHandle@33d57d51]
2024-04-27T13:00:22.210-04:00 DEBUG 22640 --- [atenciones] [           main] o.s.t.c.transaction.TransactionContext   : Began transaction (1) for test class [com.simonky.atenciones.repository.PacienteRepositoryTest]; test method [guardarPaciente]; transaction manager [org.springframework.orm.jpa.JpaTransactionManager@5f19dea8]; rollback [true]
2024-04-27T13:00:22.210-04:00 DEBUG 22640 --- [atenciones] [           main] org.springframework.test.context.cache   : Spring test ApplicationContext cache statistics: [DefaultContextCache@63088bbd size = 3, maxSize = 32, parentContextCount = 0, hitCount = 51, missCount = 3, failureCount = 0]
2024-04-27T13:00:22.210-04:00 DEBUG 22640 --- [atenciones] [           main] org.springframework.test.context.cache   : Spring test ApplicationContext cache statistics: [DefaultContextCache@63088bbd size = 3, maxSize = 32, parentContextCount = 0, hitCount = 52, missCount = 3, failureCount = 0]
2024-04-27T13:00:22.210-04:00 DEBUG 22640 --- [atenciones] [           main] org.springframework.test.context.cache   : Spring test ApplicationContext cache statistics: [DefaultContextCache@63088bbd size = 3, maxSize = 32, parentContextCount = 0, hitCount = 53, missCount = 3, failureCount = 0]
2024-04-27T13:00:22.210-04:00 DEBUG 22640 --- [atenciones] [           main] o.s.orm.jpa.JpaTransactionManager        : Found thread-bound EntityManager [SessionImpl(143884130<open>)] for JPA transaction
2024-04-27T13:00:22.210-04:00 DEBUG 22640 --- [atenciones] [           main] o.s.orm.jpa.JpaTransactionManager        : Participating in existing transaction
2024-04-27T13:00:22.210-04:00 DEBUG 22640 --- [atenciones] [           main] o.h.j.internal.PersistenceUnitUtilImpl   : jakarta.persistence.PersistenceUnitUtil.getIdentifier is only intended to work with enhanced entities (although Hibernate also adapts this support to its proxies); however the passed entity was not enhanced (nor a proxy).. may not be able to read identifier
2024-04-27T13:00:22.210-04:00 DEBUG 22640 --- [atenciones] [           main] org.hibernate.engine.spi.ActionQueue     : Executing identity-insert immediately
2024-04-27T13:00:22.211-04:00 DEBUG 22640 --- [atenciones] [           main] org.hibernate.SQL                        : insert into paciente (email,fono,nombre,id) values (?,?,?,default)
Hibernate: insert into paciente (email,fono,nombre,id) values (?,?,?,default)
2024-04-27T13:00:22.213-04:00 DEBUG 22640 --- [atenciones] [           main] o.h.id.IdentifierGeneratorHelper         : Natively generated identity (com.simonky.atenciones.model.Paciente) : 2
2024-04-27T13:00:22.216-04:00 DEBUG 22640 --- [atenciones] [           main] org.springframework.test.context.cache   : Spring test ApplicationContext cache statistics: [DefaultContextCache@63088bbd size = 3, maxSize = 32, parentContextCount = 0, hitCount = 54, missCount = 3, failureCount = 0]
2024-04-27T13:00:22.216-04:00 DEBUG 22640 --- [atenciones] [           main] org.springframework.test.context.cache   : Spring test ApplicationContext cache statistics: [DefaultContextCache@63088bbd size = 3, maxSize = 32, parentContextCount = 0, hitCount = 55, missCount = 3, failureCount = 0]
2024-04-27T13:00:22.216-04:00 DEBUG 22640 --- [atenciones] [           main] org.springframework.test.context.cache   : Spring test ApplicationContext cache statistics: [DefaultContextCache@63088bbd size = 3, maxSize = 32, parentContextCount = 0, hitCount = 56, missCount = 3, failureCount = 0]
2024-04-27T13:00:22.216-04:00 DEBUG 22640 --- [atenciones] [           main] org.springframework.test.context.cache   : Spring test ApplicationContext cache statistics: [DefaultContextCache@63088bbd size = 3, maxSize = 32, parentContextCount = 0, hitCount = 57, missCount = 3, failureCount = 0]
2024-04-27T13:00:22.216-04:00 DEBUG 22640 --- [atenciones] [           main] org.springframework.test.context.cache   : Spring test ApplicationContext cache statistics: [DefaultContextCache@63088bbd size = 3, maxSize = 32, parentContextCount = 0, hitCount = 58, missCount = 3, failureCount = 0]
2024-04-27T13:00:22.217-04:00 DEBUG 22640 --- [atenciones] [           main] org.springframework.test.context.cache   : Spring test ApplicationContext cache statistics: [DefaultContextCache@63088bbd size = 3, maxSize = 32, parentContextCount = 0, hitCount = 59, missCount = 3, failureCount = 0]
2024-04-27T13:00:22.217-04:00 DEBUG 22640 --- [atenciones] [           main] o.s.orm.jpa.JpaTransactionManager        : Initiating transaction rollback
2024-04-27T13:00:22.217-04:00 DEBUG 22640 --- [atenciones] [           main] o.s.orm.jpa.JpaTransactionManager        : Rolling back JPA transaction on EntityManager [SessionImpl(143884130<open>)]
2024-04-27T13:00:22.217-04:00 DEBUG 22640 --- [atenciones] [           main] o.h.e.t.internal.TransactionImpl         : rolling back
2024-04-27T13:00:22.219-04:00 DEBUG 22640 --- [atenciones] [           main] o.s.orm.jpa.JpaTransactionManager        : Closing JPA EntityManager [SessionImpl(143884130<open>)] after transaction
2024-04-27T13:00:22.219-04:00 DEBUG 22640 --- [atenciones] [           main] o.s.t.c.transaction.TransactionContext   : Rolled back transaction (1) for test class [com.simonky.atenciones.repository.PacienteRepositoryTest]; test method [guardarPaciente]
2024-04-27T13:00:22.219-04:00 DEBUG 22640 --- [atenciones] [           main] .c.s.DirtiesContextTestExecutionListener : After test method: class [PacienteRepositoryTest], method [guardarPaciente], class annotated with @DirtiesContext [false] with mode [null], method annotated with @DirtiesContext [false] with mode [null]
]]></system-out>
  </testcase>
</testsuite>